{"/home/travis/build/npmtest/node-npmtest-pathfinding/test.js":{"path":"/home/travis/build/npmtest/node-npmtest-pathfinding/test.js","s":{"1":2,"2":2,"3":2,"4":2,"5":2,"6":2,"7":2,"8":1,"9":2,"10":2,"11":1,"12":1,"13":1,"14":1,"15":2,"16":2,"17":2,"18":2,"19":1,"20":1,"21":2,"22":2,"23":2,"24":1,"25":1,"26":1,"27":1,"28":1,"29":1,"30":1,"31":1,"32":1,"33":1,"34":1,"35":1,"36":1,"37":1,"38":1,"39":2,"40":2,"41":1,"42":2,"43":2,"44":1,"45":2,"46":2,"47":1,"48":2,"49":2,"50":1,"51":1,"52":1,"53":1,"54":1},"b":{"1":[2,1,1,1],"2":[1,1,1,1],"3":[1,1],"4":[1,1],"5":[1,1],"6":[1,1],"7":[1,1],"8":[1,1],"9":[1,1],"10":[1,1,1],"11":[1,1],"12":[1,1],"13":[1,1],"14":[1,1],"15":[1,1],"16":[1,1],"17":[1,1]},"f":{"1":2,"2":2,"3":2,"4":2,"5":2,"6":1,"7":1,"8":1,"9":2,"10":2,"11":2,"12":2,"13":1},"fnMap":{"1":{"name":"(anonymous_1)","line":12,"loc":{"start":{"line":12,"column":1},"end":{"line":12,"column":13}}},"2":{"name":"(anonymous_2)","line":19,"loc":{"start":{"line":19,"column":5},"end":{"line":19,"column":17}}},"3":{"name":"(anonymous_3)","line":23,"loc":{"start":{"line":23,"column":24},"end":{"line":23,"column":36}}},"4":{"name":"(anonymous_4)","line":61,"loc":{"start":{"line":61,"column":5},"end":{"line":61,"column":17}}},"5":{"name":"(anonymous_5)","line":82,"loc":{"start":{"line":82,"column":5},"end":{"line":82,"column":17}}},"6":{"name":"(anonymous_6)","line":91,"loc":{"start":{"line":91,"column":77},"end":{"line":94,"column":10}}},"7":{"name":"(anonymous_7)","line":112,"loc":{"start":{"line":112,"column":83},"end":{"line":115,"column":10}},"skip":true},"8":{"name":"(anonymous_8)","line":123,"loc":{"start":{"line":123,"column":77},"end":{"line":126,"column":10}},"skip":true},"9":{"name":"(anonymous_9)","line":139,"loc":{"start":{"line":139,"column":12},"end":{"line":139,"column":40}},"skip":true},"10":{"name":"(anonymous_10)","line":147,"loc":{"start":{"line":147,"column":77},"end":{"line":150,"column":10}},"skip":true},"11":{"name":"(anonymous_11)","line":158,"loc":{"start":{"line":158,"column":83},"end":{"line":161,"column":10}},"skip":true},"12":{"name":"(anonymous_12)","line":169,"loc":{"start":{"line":169,"column":79},"end":{"line":172,"column":10}},"skip":true},"13":{"name":"(anonymous_13)","line":180,"loc":{"start":{"line":180,"column":75},"end":{"line":183,"column":10}},"skip":true}},"statementMap":{"1":{"start":{"line":12,"column":0},"end":{"line":195,"column":5}},"2":{"start":{"line":14,"column":4},"end":{"line":14,"column":14}},"3":{"start":{"line":19,"column":4},"end":{"line":56,"column":9}},"4":{"start":{"line":21,"column":8},"end":{"line":21,"column":19}},"5":{"start":{"line":23,"column":8},"end":{"line":35,"column":13}},"6":{"start":{"line":24,"column":12},"end":{"line":34,"column":13}},"7":{"start":{"line":25,"column":16},"end":{"line":28,"column":30}},"8":{"start":{"line":30,"column":16},"end":{"line":33,"column":27}},"9":{"start":{"line":37,"column":8},"end":{"line":39,"column":21}},"10":{"start":{"line":40,"column":8},"end":{"line":53,"column":9}},"11":{"start":{"line":43,"column":12},"end":{"line":46,"column":14}},"12":{"start":{"line":47,"column":12},"end":{"line":47,"column":18}},"13":{"start":{"line":50,"column":12},"end":{"line":51,"column":33}},"14":{"start":{"line":52,"column":12},"end":{"line":52,"column":18}},"15":{"start":{"line":55,"column":8},"end":{"line":55,"column":35}},"16":{"start":{"line":61,"column":4},"end":{"line":63,"column":9}},"17":{"start":{"line":62,"column":8},"end":{"line":62,"column":15}},"18":{"start":{"line":64,"column":4},"end":{"line":77,"column":5}},"19":{"start":{"line":70,"column":8},"end":{"line":70,"column":14}},"20":{"start":{"line":76,"column":8},"end":{"line":76,"column":14}},"21":{"start":{"line":82,"column":4},"end":{"line":84,"column":9}},"22":{"start":{"line":83,"column":8},"end":{"line":83,"column":15}},"23":{"start":{"line":85,"column":4},"end":{"line":194,"column":5}},"24":{"start":{"line":91,"column":8},"end":{"line":99,"column":10}},"25":{"start":{"line":98,"column":12},"end":{"line":98,"column":35}},"26":{"start":{"line":102,"column":8},"end":{"line":104,"column":63}},"27":{"start":{"line":105,"column":8},"end":{"line":105,"column":14}},"28":{"start":{"line":112,"column":8},"end":{"line":121,"column":10},"skip":true},"29":{"start":{"line":119,"column":12},"end":{"line":119,"column":55},"skip":true},"30":{"start":{"line":120,"column":12},"end":{"line":120,"column":48},"skip":true},"31":{"start":{"line":123,"column":8},"end":{"line":136,"column":10},"skip":true},"32":{"start":{"line":130,"column":12},"end":{"line":130,"column":76},"skip":true},"33":{"start":{"line":131,"column":12},"end":{"line":131,"column":73},"skip":true},"34":{"start":{"line":132,"column":12},"end":{"line":132,"column":74},"skip":true},"35":{"start":{"line":133,"column":12},"end":{"line":133,"column":79},"skip":true},"36":{"start":{"line":134,"column":12},"end":{"line":134,"column":25},"skip":true},"37":{"start":{"line":135,"column":12},"end":{"line":135,"column":45},"skip":true},"38":{"start":{"line":138,"column":8},"end":{"line":145,"column":14},"skip":true},"39":{"start":{"line":143,"column":16},"end":{"line":143,"column":29},"skip":true},"40":{"start":{"line":144,"column":16},"end":{"line":144,"column":55},"skip":true},"41":{"start":{"line":147,"column":8},"end":{"line":156,"column":10},"skip":true},"42":{"start":{"line":154,"column":12},"end":{"line":154,"column":25},"skip":true},"43":{"start":{"line":155,"column":12},"end":{"line":155,"column":45},"skip":true},"44":{"start":{"line":158,"column":8},"end":{"line":167,"column":10},"skip":true},"45":{"start":{"line":165,"column":12},"end":{"line":165,"column":25},"skip":true},"46":{"start":{"line":166,"column":12},"end":{"line":166,"column":48},"skip":true},"47":{"start":{"line":169,"column":8},"end":{"line":178,"column":10},"skip":true},"48":{"start":{"line":176,"column":12},"end":{"line":176,"column":25},"skip":true},"49":{"start":{"line":177,"column":12},"end":{"line":177,"column":46},"skip":true},"50":{"start":{"line":180,"column":8},"end":{"line":189,"column":10},"skip":true},"51":{"start":{"line":187,"column":12},"end":{"line":187,"column":94},"skip":true},"52":{"start":{"line":188,"column":12},"end":{"line":188,"column":48},"skip":true},"53":{"start":{"line":192,"column":8},"end":{"line":192,"column":35},"skip":true},"54":{"start":{"line":193,"column":8},"end":{"line":193,"column":14},"skip":true}},"branchMap":{"1":{"line":25,"type":"binary-expr","locations":[{"start":{"line":25,"column":23},"end":{"line":25,"column":62}},{"start":{"line":26,"column":20},"end":{"line":26,"column":70}},{"start":{"line":27,"column":20},"end":{"line":27,"column":71}},{"start":{"line":28,"column":20},"end":{"line":28,"column":29}}]},"2":{"line":30,"type":"binary-expr","locations":[{"start":{"line":30,"column":23},"end":{"line":30,"column":37}},{"start":{"line":31,"column":20},"end":{"line":31,"column":61}},{"start":{"line":32,"column":20},"end":{"line":32,"column":70}},{"start":{"line":33,"column":20},"end":{"line":33,"column":26}}]},"3":{"line":37,"type":"cond-expr","locations":[{"start":{"line":38,"column":14},"end":{"line":38,"column":20}},{"start":{"line":39,"column":14},"end":{"line":39,"column":20}}]},"4":{"line":40,"type":"switch","locations":[{"start":{"line":42,"column":8},"end":{"line":47,"column":18}},{"start":{"line":49,"column":8},"end":{"line":52,"column":18}}]},"5":{"line":44,"type":"binary-expr","locations":[{"start":{"line":44,"column":16},"end":{"line":44,"column":44}},{"start":{"line":44,"column":48},"end":{"line":44,"column":66}}]},"6":{"line":50,"type":"binary-expr","locations":[{"start":{"line":50,"column":21},"end":{"line":50,"column":49}},{"start":{"line":50,"column":53},"end":{"line":50,"column":72}}]},"7":{"line":64,"type":"switch","locations":[{"start":{"line":69,"column":4},"end":{"line":70,"column":14}},{"start":{"line":75,"column":4},"end":{"line":76,"column":14}}]},"8":{"line":85,"type":"switch","locations":[{"start":{"line":90,"column":4},"end":{"line":105,"column":14}},{"start":{"line":111,"column":4},"end":{"line":193,"column":14},"skip":true}]},"9":{"line":91,"type":"binary-expr","locations":[{"start":{"line":91,"column":42},"end":{"line":91,"column":73}},{"start":{"line":91,"column":77},"end":{"line":99,"column":9}}]},"10":{"line":102,"type":"binary-expr","locations":[{"start":{"line":102,"column":18},"end":{"line":102,"column":32}},{"start":{"line":103,"column":12},"end":{"line":103,"column":53}},{"start":{"line":104,"column":12},"end":{"line":104,"column":61}}]},"11":{"line":112,"type":"binary-expr","locations":[{"start":{"line":112,"column":45},"end":{"line":112,"column":79},"skip":true},{"start":{"line":112,"column":83},"end":{"line":121,"column":9},"skip":true}]},"12":{"line":123,"type":"binary-expr","locations":[{"start":{"line":123,"column":42},"end":{"line":123,"column":73},"skip":true},{"start":{"line":123,"column":77},"end":{"line":136,"column":9},"skip":true}]},"13":{"line":138,"type":"binary-expr","locations":[{"start":{"line":138,"column":48},"end":{"line":138,"column":85},"skip":true},{"start":{"line":139,"column":12},"end":{"line":145,"column":13},"skip":true}]},"14":{"line":147,"type":"binary-expr","locations":[{"start":{"line":147,"column":42},"end":{"line":147,"column":73},"skip":true},{"start":{"line":147,"column":77},"end":{"line":156,"column":9},"skip":true}]},"15":{"line":158,"type":"binary-expr","locations":[{"start":{"line":158,"column":45},"end":{"line":158,"column":79},"skip":true},{"start":{"line":158,"column":83},"end":{"line":167,"column":9},"skip":true}]},"16":{"line":169,"type":"binary-expr","locations":[{"start":{"line":169,"column":43},"end":{"line":169,"column":75},"skip":true},{"start":{"line":169,"column":79},"end":{"line":178,"column":9},"skip":true}]},"17":{"line":180,"type":"binary-expr","locations":[{"start":{"line":180,"column":41},"end":{"line":180,"column":71},"skip":true},{"start":{"line":180,"column":75},"end":{"line":189,"column":9},"skip":true}]}},"code":["/* istanbul instrument in package npmtest_pathfinding */","/*jslint","    bitwise: true,","    browser: true,","    maxerr: 8,","    maxlen: 96,","    node: true,","    nomen: true,","    regexp: true,","    stupid: true","*/","(function () {","    'use strict';","    var local;","","","","    // run shared js-env code - pre-init","    (function () {","        // init local","        local = {};","        // init modeJs","        local.modeJs = (function () {","            try {","                return typeof navigator.userAgent === 'string' &&","                    typeof document.querySelector('body') === 'object' &&","                    typeof XMLHttpRequest.prototype.open === 'function' &&","                    'browser';","            } catch (errorCaughtBrowser) {","                return module.exports &&","                    typeof process.versions.node === 'string' &&","                    typeof require('http').createServer === 'function' &&","                    'node';","            }","        }());","        // init global","        local.global = local.modeJs === 'browser'","            ? window","            : global;","        switch (local.modeJs) {","        // re-init local from window.local","        case 'browser':","            local = local.global.utility2.objectSetDefault(","                local.global.utility2_rollup || local.global.local,","                local.global.utility2","            );","            break;","        // re-init local from example.js","        case 'node':","            local = (local.global.utility2_rollup || require('utility2'))","                .requireReadme();","            break;","        }","        // export local","        local.global.local = local;","    }());","","","","    // run shared js-env code - function","    (function () {","        return;","    }());","    switch (local.modeJs) {","","","","    // run browser js-env code - function","    case 'browser':","        break;","","","","    // run node js-env code - function","    case 'node':","        break;","    }","","","","    // run shared js-env code - post-init","    (function () {","        return;","    }());","    switch (local.modeJs) {","","","","    // run browser js-env code - post-init","    case 'browser':","        local.testCase_browser_nullCase = local.testCase_browser_nullCase || function (","            options,","            onError","        ) {","        /*","         * this function will test browsers's null-case handling-behavior-behavior","         */","            onError(null, options);","        };","","        // run tests","        local.nop(local.modeTest &&","            document.querySelector('#testRunButton1') &&","            document.querySelector('#testRunButton1').click());","        break;","","","","    // run node js-env code - post-init","    /* istanbul ignore next */","    case 'node':","        local.testCase_buildApidoc_default = local.testCase_buildApidoc_default || function (","            options,","            onError","        ) {","        /*","         * this function will test buildApidoc's default handling-behavior-behavior","         */","            options = { modulePathList: module.paths };","            local.buildApidoc(options, onError);","        };","","        local.testCase_buildApp_default = local.testCase_buildApp_default || function (","            options,","            onError","        ) {","        /*","         * this function will test buildApp's default handling-behavior-behavior","         */","            local.testCase_buildReadme_default(options, local.onErrorThrow);","            local.testCase_buildLib_default(options, local.onErrorThrow);","            local.testCase_buildTest_default(options, local.onErrorThrow);","            local.testCase_buildCustomOrg_default(options, local.onErrorThrow);","            options = [];","            local.buildApp(options, onError);","        };","","        local.testCase_buildCustomOrg_default = local.testCase_buildCustomOrg_default ||","            function (options, onError) {","            /*","             * this function will test buildCustomOrg's default handling-behavior","             */","                options = {};","                local.buildCustomOrg(options, onError);","            };","","        local.testCase_buildLib_default = local.testCase_buildLib_default || function (","            options,","            onError","        ) {","        /*","         * this function will test buildLib's default handling-behavior","         */","            options = {};","            local.buildLib(options, onError);","        };","","        local.testCase_buildReadme_default = local.testCase_buildReadme_default || function (","            options,","            onError","        ) {","        /*","         * this function will test buildReadme's default handling-behavior-behavior","         */","            options = {};","            local.buildReadme(options, onError);","        };","","        local.testCase_buildTest_default = local.testCase_buildTest_default || function (","            options,","            onError","        ) {","        /*","         * this function will test buildTest's default handling-behavior","         */","            options = {};","            local.buildTest(options, onError);","        };","","        local.testCase_webpage_default = local.testCase_webpage_default || function (","            options,","            onError","        ) {","        /*","         * this function will test webpage's default handling-behavior","         */","            options = { modeCoverageMerge: true, url: local.serverLocalHost + '?modeTest=1' };","            local.browserTest(options, onError);","        };","","        // run test-server","        local.testRunServer(local);","        break;","    }","}());",""],"l":{"12":2,"14":2,"19":2,"21":2,"23":2,"24":2,"25":2,"30":1,"37":2,"40":2,"43":1,"47":1,"50":1,"52":1,"55":2,"61":2,"62":2,"64":2,"70":1,"76":1,"82":2,"83":2,"85":2,"91":1,"98":1,"102":1,"105":1,"112":1,"119":1,"120":1,"123":1,"130":1,"131":1,"132":1,"133":1,"134":1,"135":1,"138":1,"143":2,"144":2,"147":1,"154":2,"155":2,"158":1,"165":2,"166":2,"169":1,"176":2,"177":2,"180":1,"187":1,"188":1,"192":1,"193":1}},"/home/travis/build/npmtest/node-npmtest-pathfinding/lib.npmtest_pathfinding.js":{"path":"/home/travis/build/npmtest/node-npmtest-pathfinding/lib.npmtest_pathfinding.js","s":{"1":2,"2":2,"3":2,"4":2,"5":2,"6":2,"7":2,"8":1,"9":2,"10":2,"11":2,"12":2,"13":1,"14":1,"15":1,"16":1},"b":{"1":[2,1,1,1],"2":[1,1,1,1],"3":[1,1],"4":[2,2],"5":[1,1]},"f":{"1":2,"2":2,"3":2},"fnMap":{"1":{"name":"(anonymous_1)","line":12,"loc":{"start":{"line":12,"column":1},"end":{"line":12,"column":13}}},"2":{"name":"(anonymous_2)","line":19,"loc":{"start":{"line":19,"column":5},"end":{"line":19,"column":17}}},"3":{"name":"(anonymous_3)","line":23,"loc":{"start":{"line":23,"column":24},"end":{"line":23,"column":36}}}},"statementMap":{"1":{"start":{"line":12,"column":0},"end":{"line":53,"column":5}},"2":{"start":{"line":14,"column":4},"end":{"line":14,"column":14}},"3":{"start":{"line":19,"column":4},"end":{"line":52,"column":9}},"4":{"start":{"line":21,"column":8},"end":{"line":21,"column":19}},"5":{"start":{"line":23,"column":8},"end":{"line":35,"column":13}},"6":{"start":{"line":24,"column":12},"end":{"line":34,"column":13}},"7":{"start":{"line":25,"column":16},"end":{"line":28,"column":30}},"8":{"start":{"line":30,"column":16},"end":{"line":33,"column":27}},"9":{"start":{"line":37,"column":8},"end":{"line":39,"column":21}},"10":{"start":{"line":41,"column":8},"end":{"line":41,"column":54}},"11":{"start":{"line":43,"column":8},"end":{"line":43,"column":56}},"12":{"start":{"line":45,"column":8},"end":{"line":51,"column":9}},"13":{"start":{"line":46,"column":12},"end":{"line":46,"column":62}},"14":{"start":{"line":48,"column":12},"end":{"line":48,"column":35}},"15":{"start":{"line":49,"column":12},"end":{"line":49,"column":49}},"16":{"start":{"line":50,"column":12},"end":{"line":50,"column":43}}},"branchMap":{"1":{"line":25,"type":"binary-expr","locations":[{"start":{"line":25,"column":23},"end":{"line":25,"column":62}},{"start":{"line":26,"column":20},"end":{"line":26,"column":70}},{"start":{"line":27,"column":20},"end":{"line":27,"column":71}},{"start":{"line":28,"column":20},"end":{"line":28,"column":29}}]},"2":{"line":30,"type":"binary-expr","locations":[{"start":{"line":30,"column":23},"end":{"line":30,"column":37}},{"start":{"line":31,"column":20},"end":{"line":31,"column":61}},{"start":{"line":32,"column":20},"end":{"line":32,"column":70}},{"start":{"line":33,"column":20},"end":{"line":33,"column":26}}]},"3":{"line":37,"type":"cond-expr","locations":[{"start":{"line":38,"column":14},"end":{"line":38,"column":20}},{"start":{"line":39,"column":14},"end":{"line":39,"column":20}}]},"4":{"line":41,"type":"binary-expr","locations":[{"start":{"line":41,"column":16},"end":{"line":41,"column":44}},{"start":{"line":41,"column":48},"end":{"line":41,"column":53}}]},"5":{"line":45,"type":"if","locations":[{"start":{"line":45,"column":8},"end":{"line":45,"column":8}},{"start":{"line":45,"column":8},"end":{"line":45,"column":8}}]}},"code":["/* istanbul instrument in package npmtest_pathfinding */","/*jslint","    bitwise: true,","    browser: true,","    maxerr: 8,","    maxlen: 96,","    node: true,","    nomen: true,","    regexp: true,","    stupid: true","*/","(function () {","    'use strict';","    var local;","","","","    // run shared js-env code - pre-init","    (function () {","        // init local","        local = {};","        // init modeJs","        local.modeJs = (function () {","            try {","                return typeof navigator.userAgent === 'string' &&","                    typeof document.querySelector('body') === 'object' &&","                    typeof XMLHttpRequest.prototype.open === 'function' &&","                    'browser';","            } catch (errorCaughtBrowser) {","                return module.exports &&","                    typeof process.versions.node === 'string' &&","                    typeof require('http').createServer === 'function' &&","                    'node';","            }","        }());","        // init global","        local.global = local.modeJs === 'browser'","            ? window","            : global;","        // init utility2_rollup","        local = local.global.utility2_rollup || local;","        // init lib","        local.local = local.npmtest_pathfinding = local;","        // init exports","        if (local.modeJs === 'browser') {","            local.global.utility2_npmtest_pathfinding = local;","        } else {","            module.exports = local;","            module.exports.__dirname = __dirname;","            module.exports.module = module;","        }","    }());","}());",""],"l":{"12":2,"14":2,"19":2,"21":2,"23":2,"24":2,"25":2,"30":1,"37":2,"41":2,"43":2,"45":2,"46":1,"48":1,"49":1,"50":1}},"/home/travis/build/npmtest/node-npmtest-pathfinding/example.js":{"path":"/home/travis/build/npmtest/node-npmtest-pathfinding/example.js","s":{"1":2,"2":2,"3":2,"4":2,"5":2,"6":2,"7":2,"8":1,"9":2,"10":2,"11":2,"12":2,"13":1,"14":2,"15":2,"16":2,"17":2,"18":2,"19":0,"20":2,"21":1,"22":1,"23":1,"24":1,"25":1,"26":0,"27":0,"28":1,"29":1,"30":2,"31":0,"32":0,"33":0,"34":1,"35":2,"36":2,"37":3,"38":3,"39":3,"40":3,"41":0,"42":3,"43":3,"44":3,"45":1,"46":3,"47":1,"48":1,"49":1,"50":1,"51":1,"52":1,"53":1,"54":1,"55":1,"56":1,"57":0,"58":1,"59":6,"60":6,"61":1,"62":2,"63":0,"64":2,"65":1,"66":1,"67":0,"68":0,"69":0,"70":0,"71":0,"72":0,"73":0,"74":0,"75":0,"76":0,"77":0,"78":0,"79":0,"80":0,"81":0,"82":0,"83":0},"b":{"1":[2,1,1,1],"2":[1,1,1,1],"3":[1,1],"4":[2,2],"5":[1,1],"6":[1,1],"7":[2,0],"8":[2,1,1,1,1,1],"9":[0,2,0],"10":[1,1],"11":[2,1,1],"12":[1,0],"13":[0,2],"14":[2,0,0,0,0,0,0],"15":[0,3],"16":[3,0],"17":[1,1],"18":[0,1],"19":[1,2,0,2],"20":[1,0],"21":[1,1],"22":[0,0],"23":[0,0],"24":[0,0],"25":[0,0],"26":[0,0],"27":[0,0],"28":[0,0]},"f":{"1":2,"2":2,"3":2,"4":2,"5":2,"6":2,"7":3,"8":3,"9":3,"10":1,"11":6,"12":0},"fnMap":{"1":{"name":"(anonymous_1)","line":26,"loc":{"start":{"line":26,"column":1},"end":{"line":26,"column":13}}},"2":{"name":"(anonymous_2)","line":33,"loc":{"start":{"line":33,"column":5},"end":{"line":33,"column":17}}},"3":{"name":"(anonymous_3)","line":37,"loc":{"start":{"line":37,"column":24},"end":{"line":37,"column":36}}},"4":{"name":"(anonymous_4)","line":69,"loc":{"start":{"line":69,"column":31},"end":{"line":69,"column":48}},"skip":true},"5":{"name":"(anonymous_5)","line":78,"loc":{"start":{"line":78,"column":26},"end":{"line":78,"column":45}},"skip":true},"6":{"name":"(anonymous_6)","line":123,"loc":{"start":{"line":123,"column":33},"end":{"line":123,"column":48}},"skip":true},"7":{"name":"(anonymous_7)","line":125,"loc":{"start":{"line":125,"column":27},"end":{"line":125,"column":39}},"skip":true},"8":{"name":"(anonymous_8)","line":133,"loc":{"start":{"line":133,"column":59},"end":{"line":133,"column":74}},"skip":true},"9":{"name":"(anonymous_9)","line":143,"loc":{"start":{"line":143,"column":45},"end":{"line":143,"column":62}},"skip":true},"10":{"name":"(anonymous_10)","line":144,"loc":{"start":{"line":144,"column":73},"end":{"line":144,"column":92}},"skip":true},"11":{"name":"(anonymous_11)","line":272,"loc":{"start":{"line":272,"column":51},"end":{"line":272,"column":77}},"skip":true},"12":{"name":"(anonymous_12)","line":315,"loc":{"start":{"line":315,"column":32},"end":{"line":315,"column":61}},"skip":true}},"statementMap":{"1":{"start":{"line":26,"column":0},"end":{"line":326,"column":5}},"2":{"start":{"line":28,"column":4},"end":{"line":28,"column":14}},"3":{"start":{"line":33,"column":4},"end":{"line":60,"column":9}},"4":{"start":{"line":35,"column":8},"end":{"line":35,"column":19}},"5":{"start":{"line":37,"column":8},"end":{"line":49,"column":13}},"6":{"start":{"line":38,"column":12},"end":{"line":48,"column":13}},"7":{"start":{"line":39,"column":16},"end":{"line":42,"column":30}},"8":{"start":{"line":44,"column":16},"end":{"line":47,"column":27}},"9":{"start":{"line":51,"column":8},"end":{"line":53,"column":21}},"10":{"start":{"line":55,"column":8},"end":{"line":57,"column":45}},"11":{"start":{"line":59,"column":8},"end":{"line":59,"column":35}},"12":{"start":{"line":61,"column":4},"end":{"line":325,"column":5}},"13":{"start":{"line":69,"column":8},"end":{"line":121,"column":10},"skip":true},"14":{"start":{"line":70,"column":12},"end":{"line":88,"column":13},"skip":true},"15":{"start":{"line":76,"column":16},"end":{"line":87,"column":19},"skip":true},"16":{"start":{"line":79,"column":20},"end":{"line":86,"column":21},"skip":true},"17":{"start":{"line":82,"column":24},"end":{"line":82,"column":43},"skip":true},"18":{"start":{"line":83,"column":24},"end":{"line":83,"column":30},"skip":true},"19":{"start":{"line":85,"column":24},"end":{"line":85,"column":49},"skip":true},"20":{"start":{"line":89,"column":12},"end":{"line":107,"column":13},"skip":true},"21":{"start":{"line":92,"column":16},"end":{"line":102,"column":17},"skip":true},"22":{"start":{"line":93,"column":20},"end":{"line":93,"column":86},"skip":true},"23":{"start":{"line":94,"column":20},"end":{"line":95,"column":45},"skip":true},"24":{"start":{"line":96,"column":20},"end":{"line":96,"column":42},"skip":true},"25":{"start":{"line":97,"column":20},"end":{"line":97,"column":48},"skip":true},"26":{"start":{"line":100,"column":20},"end":{"line":100,"column":85},"skip":true},"27":{"start":{"line":101,"column":20},"end":{"line":101,"column":96},"skip":true},"28":{"start":{"line":103,"column":16},"end":{"line":103,"column":22},"skip":true},"29":{"start":{"line":106,"column":16},"end":{"line":106,"column":22},"skip":true},"30":{"start":{"line":108,"column":12},"end":{"line":120,"column":13},"skip":true},"31":{"start":{"line":114,"column":16},"end":{"line":119,"column":17},"skip":true},"32":{"start":{"line":116,"column":20},"end":{"line":116,"column":78},"skip":true},"33":{"start":{"line":118,"column":20},"end":{"line":118,"column":47},"skip":true},"34":{"start":{"line":123,"column":8},"end":{"line":141,"column":11},"skip":true},"35":{"start":{"line":124,"column":12},"end":{"line":124,"column":54},"skip":true},"36":{"start":{"line":125,"column":12},"end":{"line":140,"column":14},"skip":true},"37":{"start":{"line":126,"column":16},"end":{"line":126,"column":28},"skip":true},"38":{"start":{"line":127,"column":16},"end":{"line":127,"column":69},"skip":true},"39":{"start":{"line":128,"column":16},"end":{"line":128,"column":75},"skip":true},"40":{"start":{"line":129,"column":16},"end":{"line":131,"column":17},"skip":true},"41":{"start":{"line":130,"column":20},"end":{"line":130,"column":27},"skip":true},"42":{"start":{"line":133,"column":16},"end":{"line":137,"column":36},"skip":true},"43":{"start":{"line":134,"column":20},"end":{"line":136,"column":55},"skip":true},"44":{"start":{"line":139,"column":16},"end":{"line":139,"column":57},"skip":true},"45":{"start":{"line":143,"column":8},"end":{"line":147,"column":11},"skip":true},"46":{"start":{"line":144,"column":12},"end":{"line":146,"column":15},"skip":true},"47":{"start":{"line":145,"column":16},"end":{"line":145,"column":70},"skip":true},"48":{"start":{"line":149,"column":8},"end":{"line":149,"column":31},"skip":true},"49":{"start":{"line":150,"column":8},"end":{"line":150,"column":14},"skip":true},"50":{"start":{"line":158,"column":8},"end":{"line":158,"column":31},"skip":true},"51":{"start":{"line":160,"column":8},"end":{"line":160,"column":33},"skip":true},"52":{"start":{"line":161,"column":8},"end":{"line":161,"column":37},"skip":true},"53":{"start":{"line":162,"column":8},"end":{"line":162,"column":35},"skip":true},"54":{"start":{"line":164,"column":8},"end":{"line":164,"column":50},"skip":true},"55":{"start":{"line":166,"column":8},"end":{"line":256,"column":2},"skip":true},"56":{"start":{"line":258,"column":8},"end":{"line":286,"column":9},"skip":true},"57":{"start":{"line":259,"column":12},"end":{"line":269,"column":14},"skip":true},"58":{"start":{"line":271,"column":12},"end":{"line":285,"column":19},"skip":true},"59":{"start":{"line":274,"column":20},"end":{"line":274,"column":35},"skip":true},"60":{"start":{"line":275,"column":20},"end":{"line":284,"column":21},"skip":true},"61":{"start":{"line":277,"column":24},"end":{"line":277,"column":64},"skip":true},"62":{"start":{"line":279,"column":24},"end":{"line":279,"column":40},"skip":true},"63":{"start":{"line":281,"column":24},"end":{"line":281,"column":40},"skip":true},"64":{"start":{"line":283,"column":24},"end":{"line":283,"column":39},"skip":true},"65":{"start":{"line":288,"column":8},"end":{"line":290,"column":9},"skip":true},"66":{"start":{"line":289,"column":12},"end":{"line":289,"column":18},"skip":true},"67":{"start":{"line":291,"column":8},"end":{"line":293,"column":54},"skip":true},"68":{"start":{"line":296,"column":8},"end":{"line":301,"column":37},"skip":true},"69":{"start":{"line":303,"column":8},"end":{"line":303,"column":82},"skip":true},"70":{"start":{"line":306,"column":8},"end":{"line":308,"column":9},"skip":true},"71":{"start":{"line":307,"column":12},"end":{"line":307,"column":82},"skip":true},"72":{"start":{"line":310,"column":8},"end":{"line":312,"column":9},"skip":true},"73":{"start":{"line":311,"column":12},"end":{"line":311,"column":18},"skip":true},"74":{"start":{"line":313,"column":8},"end":{"line":313,"column":54},"skip":true},"75":{"start":{"line":314,"column":8},"end":{"line":314,"column":69},"skip":true},"76":{"start":{"line":315,"column":8},"end":{"line":323,"column":36},"skip":true},"77":{"start":{"line":316,"column":12},"end":{"line":316,"column":61},"skip":true},"78":{"start":{"line":317,"column":12},"end":{"line":320,"column":13},"skip":true},"79":{"start":{"line":318,"column":16},"end":{"line":318,"column":75},"skip":true},"80":{"start":{"line":319,"column":16},"end":{"line":319,"column":23},"skip":true},"81":{"start":{"line":321,"column":12},"end":{"line":321,"column":38},"skip":true},"82":{"start":{"line":322,"column":12},"end":{"line":322,"column":27},"skip":true},"83":{"start":{"line":324,"column":8},"end":{"line":324,"column":14},"skip":true}},"branchMap":{"1":{"line":39,"type":"binary-expr","locations":[{"start":{"line":39,"column":23},"end":{"line":39,"column":62}},{"start":{"line":40,"column":20},"end":{"line":40,"column":70}},{"start":{"line":41,"column":20},"end":{"line":41,"column":71}},{"start":{"line":42,"column":20},"end":{"line":42,"column":29}}]},"2":{"line":44,"type":"binary-expr","locations":[{"start":{"line":44,"column":23},"end":{"line":44,"column":37}},{"start":{"line":45,"column":20},"end":{"line":45,"column":61}},{"start":{"line":46,"column":20},"end":{"line":46,"column":70}},{"start":{"line":47,"column":20},"end":{"line":47,"column":26}}]},"3":{"line":51,"type":"cond-expr","locations":[{"start":{"line":52,"column":14},"end":{"line":52,"column":20}},{"start":{"line":53,"column":14},"end":{"line":53,"column":20}}]},"4":{"line":55,"type":"binary-expr","locations":[{"start":{"line":55,"column":16},"end":{"line":55,"column":44}},{"start":{"line":55,"column":49},"end":{"line":57,"column":43}}]},"5":{"line":55,"type":"cond-expr","locations":[{"start":{"line":56,"column":14},"end":{"line":56,"column":55}},{"start":{"line":57,"column":14},"end":{"line":57,"column":43}}]},"6":{"line":61,"type":"switch","locations":[{"start":{"line":68,"column":4},"end":{"line":150,"column":14},"skip":true},{"start":{"line":156,"column":4},"end":{"line":324,"column":14},"skip":true}]},"7":{"line":70,"type":"if","locations":[{"start":{"line":70,"column":12},"end":{"line":70,"column":12},"skip":true},{"start":{"line":70,"column":12},"end":{"line":70,"column":12},"skip":true}]},"8":{"line":70,"type":"binary-expr","locations":[{"start":{"line":70,"column":16},"end":{"line":70,"column":22},"skip":true},{"start":{"line":70,"column":27},"end":{"line":70,"column":32},"skip":true},{"start":{"line":71,"column":20},"end":{"line":71,"column":39},"skip":true},{"start":{"line":72,"column":20},"end":{"line":72,"column":49},"skip":true},{"start":{"line":73,"column":20},"end":{"line":73,"column":58},"skip":true},{"start":{"line":74,"column":20},"end":{"line":74,"column":69},"skip":true}]},"9":{"line":79,"type":"switch","locations":[{"start":{"line":80,"column":20},"end":{"line":80,"column":33},"skip":true},{"start":{"line":81,"column":20},"end":{"line":83,"column":30},"skip":true},{"start":{"line":84,"column":20},"end":{"line":85,"column":49},"skip":true}]},"10":{"line":89,"type":"switch","locations":[{"start":{"line":90,"column":12},"end":{"line":103,"column":22},"skip":true},{"start":{"line":105,"column":12},"end":{"line":106,"column":22},"skip":true}]},"11":{"line":89,"type":"binary-expr","locations":[{"start":{"line":89,"column":20},"end":{"line":89,"column":25},"skip":true},{"start":{"line":89,"column":29},"end":{"line":89,"column":48},"skip":true},{"start":{"line":89,"column":52},"end":{"line":89,"column":74},"skip":true}]},"12":{"line":92,"type":"if","locations":[{"start":{"line":92,"column":16},"end":{"line":92,"column":16},"skip":true},{"start":{"line":92,"column":16},"end":{"line":92,"column":16},"skip":true}]},"13":{"line":108,"type":"if","locations":[{"start":{"line":108,"column":12},"end":{"line":108,"column":12},"skip":true},{"start":{"line":108,"column":12},"end":{"line":108,"column":12},"skip":true}]},"14":{"line":108,"type":"binary-expr","locations":[{"start":{"line":108,"column":16},"end":{"line":108,"column":61},"skip":true},{"start":{"line":108,"column":66},"end":{"line":108,"column":72},"skip":true},{"start":{"line":108,"column":77},"end":{"line":108,"column":82},"skip":true},{"start":{"line":109,"column":20},"end":{"line":109,"column":39},"skip":true},{"start":{"line":110,"column":20},"end":{"line":110,"column":49},"skip":true},{"start":{"line":111,"column":20},"end":{"line":111,"column":58},"skip":true},{"start":{"line":112,"column":20},"end":{"line":112,"column":68},"skip":true}]},"15":{"line":129,"type":"if","locations":[{"start":{"line":129,"column":16},"end":{"line":129,"column":16},"skip":true},{"start":{"line":129,"column":16},"end":{"line":129,"column":16},"skip":true}]},"16":{"line":134,"type":"cond-expr","locations":[{"start":{"line":135,"column":26},"end":{"line":135,"column":29},"skip":true},{"start":{"line":136,"column":26},"end":{"line":136,"column":54},"skip":true}]},"17":{"line":164,"type":"binary-expr","locations":[{"start":{"line":164,"column":27},"end":{"line":164,"column":43},"skip":true},{"start":{"line":164,"column":47},"end":{"line":164,"column":49},"skip":true}]},"18":{"line":258,"type":"if","locations":[{"start":{"line":258,"column":8},"end":{"line":258,"column":8},"skip":true},{"start":{"line":258,"column":8},"end":{"line":258,"column":8},"skip":true}]},"19":{"line":275,"type":"switch","locations":[{"start":{"line":276,"column":20},"end":{"line":277,"column":64},"skip":true},{"start":{"line":278,"column":20},"end":{"line":279,"column":40},"skip":true},{"start":{"line":280,"column":20},"end":{"line":281,"column":40},"skip":true},{"start":{"line":282,"column":20},"end":{"line":283,"column":39},"skip":true}]},"20":{"line":288,"type":"if","locations":[{"start":{"line":288,"column":8},"end":{"line":288,"column":8},"skip":true},{"start":{"line":288,"column":8},"end":{"line":288,"column":8},"skip":true}]},"21":{"line":288,"type":"binary-expr","locations":[{"start":{"line":288,"column":12},"end":{"line":288,"column":40},"skip":true},{"start":{"line":288,"column":44},"end":{"line":288,"column":67},"skip":true}]},"22":{"line":292,"type":"binary-expr","locations":[{"start":{"line":292,"column":12},"end":{"line":292,"column":50},"skip":true},{"start":{"line":293,"column":12},"end":{"line":293,"column":53},"skip":true}]},"23":{"line":297,"type":"binary-expr","locations":[{"start":{"line":297,"column":12},"end":{"line":297,"column":69},"skip":true},{"start":{"line":298,"column":12},"end":{"line":301,"column":36},"skip":true}]},"24":{"line":303,"type":"binary-expr","locations":[{"start":{"line":303,"column":43},"end":{"line":303,"column":75},"skip":true},{"start":{"line":303,"column":79},"end":{"line":303,"column":81},"skip":true}]},"25":{"line":306,"type":"if","locations":[{"start":{"line":306,"column":8},"end":{"line":306,"column":8},"skip":true},{"start":{"line":306,"column":8},"end":{"line":306,"column":8},"skip":true}]},"26":{"line":310,"type":"if","locations":[{"start":{"line":310,"column":8},"end":{"line":310,"column":8},"skip":true},{"start":{"line":310,"column":8},"end":{"line":310,"column":8},"skip":true}]},"27":{"line":313,"type":"binary-expr","locations":[{"start":{"line":313,"column":27},"end":{"line":313,"column":43},"skip":true},{"start":{"line":313,"column":47},"end":{"line":313,"column":53},"skip":true}]},"28":{"line":317,"type":"if","locations":[{"start":{"line":317,"column":12},"end":{"line":317,"column":12},"skip":true},{"start":{"line":317,"column":12},"end":{"line":317,"column":12},"skip":true}]}},"code":["/*","example.js","","quickstart example","","instruction","    1. save this script as example.js","    2. run the shell command:","        $ npm install npmtest-pathfinding && PORT=8081 node example.js","    3. play with the browser-demo on http://127.0.0.1:8081","*/","","","","/* istanbul instrument in package npmtest_pathfinding */","/*jslint","    bitwise: true,","    browser: true,","    maxerr: 8,","    maxlen: 96,","    node: true,","    nomen: true,","    regexp: true,","    stupid: true","*/","(function () {","    'use strict';","    var local;","","","","    // run shared js-env code - pre-init","    (function () {","        // init local","        local = {};","        // init modeJs","        local.modeJs = (function () {","            try {","                return typeof navigator.userAgent === 'string' &&","                    typeof document.querySelector('body') === 'object' &&","                    typeof XMLHttpRequest.prototype.open === 'function' &&","                    'browser';","            } catch (errorCaughtBrowser) {","                return module.exports &&","                    typeof process.versions.node === 'string' &&","                    typeof require('http').createServer === 'function' &&","                    'node';","            }","        }());","        // init global","        local.global = local.modeJs === 'browser'","            ? window","            : global;","        // init utility2_rollup","        local = local.global.utility2_rollup || (local.modeJs === 'browser'","            ? local.global.utility2_npmtest_pathfinding","            : global.utility2_moduleExports);","        // export local","        local.global.local = local;","    }());","    switch (local.modeJs) {","","","","    // post-init","    // run browser js-env code - post-init","    /* istanbul ignore next */","    case 'browser':","        local.testRunBrowser = function (event) {","            if (!event || (event &&","                    event.currentTarget &&","                    event.currentTarget.className &&","                    event.currentTarget.className.includes &&","                    event.currentTarget.className.includes('onreset'))) {","                // reset output","                Array.from(","                    document.querySelectorAll('body > .resettable')","                ).forEach(function (element) {","                    switch (element.tagName) {","                    case 'INPUT':","                    case 'TEXTAREA':","                        element.value = '';","                        break;","                    default:","                        element.textContent = '';","                    }","                });","            }","            switch (event && event.currentTarget && event.currentTarget.id) {","            case 'testRunButton1':","                // show tests","                if (document.querySelector('#testReportDiv1').style.display === 'none') {","                    document.querySelector('#testReportDiv1').style.display = 'block';","                    document.querySelector('#testRunButton1').textContent =","                        'hide internal test';","                    local.modeTest = true;","                    local.testRunDefault(local);","                // hide tests","                } else {","                    document.querySelector('#testReportDiv1').style.display = 'none';","                    document.querySelector('#testRunButton1').textContent = 'run internal test';","                }","                break;","            // custom-case","            default:","                break;","            }","            if (document.querySelector('#inputTextareaEval1') && (!event || (event &&","                    event.currentTarget &&","                    event.currentTarget.className &&","                    event.currentTarget.className.includes &&","                    event.currentTarget.className.includes('oneval')))) {","                // try to eval input-code","                try {","                    /*jslint evil: true*/","                    eval(document.querySelector('#inputTextareaEval1').value);","                } catch (errorCaught) {","                    console.error(errorCaught);","                }","            }","        };","        // log stderr and stdout to #outputTextareaStdout1","        ['error', 'log'].forEach(function (key) {","            console[key + '_original'] = console[key];","            console[key] = function () {","                var element;","                console[key + '_original'].apply(console, arguments);","                element = document.querySelector('#outputTextareaStdout1');","                if (!element) {","                    return;","                }","                // append text to #outputTextareaStdout1","                element.value += Array.from(arguments).map(function (arg) {","                    return typeof arg === 'string'","                        ? arg","                        : JSON.stringify(arg, null, 4);","                }).join(' ') + '\\n';","                // scroll textarea to bottom","                element.scrollTop = element.scrollHeight;","            };","        });","        // init event-handling","        ['change', 'click', 'keyup'].forEach(function (event) {","            Array.from(document.querySelectorAll('.on' + event)).forEach(function (element) {","                element.addEventListener(event, local.testRunBrowser);","            });","        });","        // run tests","        local.testRunBrowser();","        break;","","","","    // run node js-env code - post-init","    /* istanbul ignore next */","    case 'node':","        // export local","        module.exports = local;","        // require modules","        local.fs = require('fs');","        local.http = require('http');","        local.url = require('url');","        // init assets","        local.assetsDict = local.assetsDict || {};","        /* jslint-ignore-begin */","        local.assetsDict['/assets.index.template.html'] = '\\","<!doctype html>\\n\\","<html lang=\"en\">\\n\\","<head>\\n\\","<meta charset=\"UTF-8\">\\n\\","<meta name=\"viewport\" content=\"width=device-width, initial-scale=1\">\\n\\","<title>{{env.npm_package_name}} (v{{env.npm_package_version}})</title>\\n\\","<style>\\n\\","/*csslint\\n\\","    box-sizing: false,\\n\\","    universal-selector: false\\n\\","*/\\n\\","* {\\n\\","    box-sizing: border-box;\\n\\","}\\n\\","body {\\n\\","    background: #dde;\\n\\","    font-family: Arial, Helvetica, sans-serif;\\n\\","    margin: 2rem;\\n\\","}\\n\\","body > * {\\n\\","    margin-bottom: 1rem;\\n\\","}\\n\\",".utility2FooterDiv {\\n\\","    margin-top: 20px;\\n\\","    text-align: center;\\n\\","}\\n\\","</style>\\n\\","<style>\\n\\","/*csslint\\n\\","*/\\n\\","textarea {\\n\\","    font-family: monospace;\\n\\","    height: 10rem;\\n\\","    width: 100%;\\n\\","}\\n\\","textarea[readonly] {\\n\\","    background: #ddd;\\n\\","}\\n\\","</style>\\n\\","</head>\\n\\","<body>\\n\\","<!-- utility2-comment\\n\\","<div id=\"ajaxProgressDiv1\" style=\"background: #d00; height: 2px; left: 0; margin: 0; padding: 0; position: fixed; top: 0; transition: background 0.5s, width 1.5s; width: 25%;\"></div>\\n\\","utility2-comment -->\\n\\","<h1>\\n\\","<!-- utility2-comment\\n\\","    <a\\n\\","        {{#if env.npm_package_homepage}}\\n\\","        href=\"{{env.npm_package_homepage}}\"\\n\\","        {{/if env.npm_package_homepage}}\\n\\","        target=\"_blank\"\\n\\","    >\\n\\","utility2-comment -->\\n\\","        {{env.npm_package_name}} (v{{env.npm_package_version}})\\n\\","<!-- utility2-comment\\n\\","    </a>\\n\\","utility2-comment -->\\n\\","</h1>\\n\\","<h3>{{env.npm_package_description}}</h3>\\n\\","<!-- utility2-comment\\n\\","<h4><a download href=\"assets.app.js\">download standalone app</a></h4>\\n\\","<button class=\"onclick onreset\" id=\"testRunButton1\">run internal test</button><br>\\n\\","<div id=\"testReportDiv1\" style=\"display: none;\"></div>\\n\\","utility2-comment -->\\n\\","\\n\\","\\n\\","\\n\\","<label>stderr and stdout</label>\\n\\","<textarea class=\"resettable\" id=\"outputTextareaStdout1\" readonly></textarea>\\n\\","<!-- utility2-comment\\n\\","{{#if isRollup}}\\n\\","<script src=\"assets.app.js\"></script>\\n\\","{{#unless isRollup}}\\n\\","utility2-comment -->\\n\\","<script src=\"assets.utility2.rollup.js\"></script>\\n\\","<script src=\"jsonp.utility2._stateInit?callback=window.utility2._stateInit\"></script>\\n\\","<script src=\"assets.npmtest_pathfinding.rollup.js\"></script>\\n\\","<script src=\"assets.example.js\"></script>\\n\\","<script src=\"assets.test.js\"></script>\\n\\","<!-- utility2-comment\\n\\","{{/if isRollup}}\\n\\","utility2-comment -->\\n\\","<div class=\"utility2FooterDiv\">\\n\\","    [ this app was created with\\n\\","    <a href=\"https://github.com/kaizhu256/node-utility2\" target=\"_blank\">utility2</a>\\n\\","    ]\\n\\","</div>\\n\\","</body>\\n\\","</html>\\n\\","';","        /* jslint-ignore-end */","        if (local.templateRender) {","            local.assetsDict['/'] = local.templateRender(","                local.assetsDict['/assets.index.template.html'],","                {","                    env: local.objectSetDefault(local.env, {","                        npm_package_description: 'the greatest app in the world!',","                        npm_package_name: 'my-app',","                        npm_package_nameAlias: 'my_app',","                        npm_package_version: '0.0.1'","                    })","                }","            );","        } else {","            local.assetsDict['/'] = local.assetsDict['/assets.index.template.html']","                .replace((/\\{\\{env\\.(\\w+?)\\}\\}/g), function (match0, match1) {","                    // jslint-hack","                    String(match0);","                    switch (match1) {","                    case 'npm_package_description':","                        return 'the greatest app in the world!';","                    case 'npm_package_name':","                        return 'my-app';","                    case 'npm_package_nameAlias':","                        return 'my_app';","                    case 'npm_package_version':","                        return '0.0.1';","                    }","                });","        }","        // run the cli","        if (local.global.utility2_rollup || module !== require.main) {","            break;","        }","        local.assetsDict['/assets.example.js'] =","            local.assetsDict['/assets.example.js'] ||","            local.fs.readFileSync(__filename, 'utf8');","        // bug-workaround - long $npm_package_buildCustomOrg","        /* jslint-ignore-begin */","        local.assetsDict['/assets.npmtest_pathfinding.rollup.js'] =","            local.assetsDict['/assets.npmtest_pathfinding.rollup.js'] ||","            local.fs.readFileSync(","                local.npmtest_pathfinding.__dirname + '/lib.npmtest_pathfinding.js',","                'utf8'","            ).replace((/^#!/), '//');","        /* jslint-ignore-end */","        local.assetsDict['/favicon.ico'] = local.assetsDict['/favicon.ico'] || '';","        // if $npm_config_timeout_exit exists,","        // then exit this process after $npm_config_timeout_exit ms","        if (Number(process.env.npm_config_timeout_exit)) {","            setTimeout(process.exit, Number(process.env.npm_config_timeout_exit));","        }","        // start server","        if (local.global.utility2_serverHttp1) {","            break;","        }","        process.env.PORT = process.env.PORT || '8081';","        console.error('server starting on port ' + process.env.PORT);","        local.http.createServer(function (request, response) {","            request.urlParsed = local.url.parse(request.url);","            if (local.assetsDict[request.urlParsed.pathname] !== undefined) {","                response.end(local.assetsDict[request.urlParsed.pathname]);","                return;","            }","            response.statusCode = 404;","            response.end();","        }).listen(process.env.PORT);","        break;","    }","}());",""],"l":{"26":2,"28":2,"33":2,"35":2,"37":2,"38":2,"39":2,"44":1,"51":2,"55":2,"59":2,"61":2,"69":1,"70":2,"76":2,"79":2,"82":2,"83":2,"85":1,"89":2,"92":1,"93":1,"94":1,"96":1,"97":1,"100":1,"101":1,"103":1,"106":1,"108":2,"114":1,"116":1,"118":1,"123":1,"124":2,"125":2,"126":3,"127":3,"128":3,"129":3,"130":1,"133":3,"134":3,"139":3,"143":1,"144":3,"145":1,"149":1,"150":1,"158":1,"160":1,"161":1,"162":1,"164":1,"166":1,"258":1,"259":1,"271":1,"274":6,"275":6,"277":1,"279":2,"281":1,"283":2,"288":1,"289":1,"291":1,"296":1,"303":1,"306":1,"307":1,"310":1,"311":1,"313":1,"314":1,"315":1,"316":1,"317":1,"318":1,"319":1,"321":1,"322":1,"324":1}},"/home/travis/build/npmtest/node-npmtest-pathfinding/node_modules/pathfinding/index.js":{"path":"/home/travis/build/npmtest/node-npmtest-pathfinding/node_modules/pathfinding/index.js","s":{"1":1},"b":{},"f":{},"fnMap":{},"statementMap":{"1":{"start":{"line":1,"column":0},"end":{"line":1,"column":46}}},"branchMap":{},"code":["module.exports = require('./src/PathFinding');",""],"l":{"1":1}},"/home/travis/build/npmtest/node-npmtest-pathfinding/node_modules/pathfinding/src/PathFinding.js":{"path":"/home/travis/build/npmtest/node-npmtest-pathfinding/node_modules/pathfinding/src/PathFinding.js","s":{"1":1},"b":{},"f":{},"fnMap":{},"statementMap":{"1":{"start":{"line":1,"column":0},"end":{"line":18,"column":2}}},"branchMap":{},"code":["module.exports = {","    'Heap'                      : require('heap'),","    'Node'                      : require('./core/Node'),","    'Grid'                      : require('./core/Grid'),","    'Util'                      : require('./core/Util'),","    'DiagonalMovement'          : require('./core/DiagonalMovement'),","    'Heuristic'                 : require('./core/Heuristic'),","    'AStarFinder'               : require('./finders/AStarFinder'),","    'BestFirstFinder'           : require('./finders/BestFirstFinder'),","    'BreadthFirstFinder'        : require('./finders/BreadthFirstFinder'),","    'DijkstraFinder'            : require('./finders/DijkstraFinder'),","    'BiAStarFinder'             : require('./finders/BiAStarFinder'),","    'BiBestFirstFinder'         : require('./finders/BiBestFirstFinder'),","    'BiBreadthFirstFinder'      : require('./finders/BiBreadthFirstFinder'),","    'BiDijkstraFinder'          : require('./finders/BiDijkstraFinder'),","    'IDAStarFinder'             : require('./finders/IDAStarFinder'),","    'JumpPointFinder'           : require('./finders/JumpPointFinder'),","};",""],"l":{"1":1}},"/home/travis/build/npmtest/node-npmtest-pathfinding/node_modules/pathfinding/src/core/Node.js":{"path":"/home/travis/build/npmtest/node-npmtest-pathfinding/node_modules/pathfinding/src/core/Node.js","s":{"1":1,"2":0,"3":0,"4":0,"5":1},"b":{"1":[0,0]},"f":{"1":0},"fnMap":{"1":{"name":"Node","line":10,"loc":{"start":{"line":10,"column":0},"end":{"line":10,"column":30}}}},"statementMap":{"1":{"start":{"line":10,"column":0},"end":{"line":26,"column":1}},"2":{"start":{"line":15,"column":4},"end":{"line":15,"column":15}},"3":{"start":{"line":20,"column":4},"end":{"line":20,"column":15}},"4":{"start":{"line":25,"column":4},"end":{"line":25,"column":63}},"5":{"start":{"line":28,"column":0},"end":{"line":28,"column":22}}},"branchMap":{"1":{"line":25,"type":"cond-expr","locations":[{"start":{"line":25,"column":46},"end":{"line":25,"column":50}},{"start":{"line":25,"column":53},"end":{"line":25,"column":61}}]}},"code":["/**"," * A node in grid. "," * This class holds some basic information about a node and custom "," * attributes may be added, depending on the algorithms' needs."," * @constructor"," * @param {number} x - The x coordinate of the node on the grid."," * @param {number} y - The y coordinate of the node on the grid."," * @param {boolean} [walkable] - Whether this node is walkable."," */","function Node(x, y, walkable) {","    /**","     * The x coordinate of the node on the grid.","     * @type number","     */","    this.x = x;","    /**","     * The y coordinate of the node on the grid.","     * @type number","     */","    this.y = y;","    /**","     * Whether this node can be walked through.","     * @type boolean","     */","    this.walkable = (walkable === undefined ? true : walkable);","}","","module.exports = Node;",""],"l":{"10":1,"15":0,"20":0,"25":0,"28":1}},"/home/travis/build/npmtest/node-npmtest-pathfinding/node_modules/pathfinding/src/core/Grid.js":{"path":"/home/travis/build/npmtest/node-npmtest-pathfinding/node_modules/pathfinding/src/core/Grid.js","s":{"1":1,"2":1,"3":1,"4":0,"5":0,"6":0,"7":0,"8":0,"9":0,"10":0,"11":0,"12":0,"13":1,"14":0,"15":0,"16":0,"17":0,"18":0,"19":0,"20":0,"21":0,"22":0,"23":0,"24":0,"25":0,"26":0,"27":0,"28":1,"29":0,"30":1,"31":0,"32":1,"33":0,"34":1,"35":0,"36":1,"37":0,"38":0,"39":0,"40":0,"41":0,"42":0,"43":0,"44":0,"45":0,"46":0,"47":0,"48":0,"49":0,"50":0,"51":0,"52":0,"53":0,"54":0,"55":0,"56":0,"57":0,"58":0,"59":0,"60":0,"61":0,"62":0,"63":0,"64":0,"65":0,"66":0,"67":0,"68":0,"69":0,"70":0,"71":0,"72":0,"73":0,"74":0,"75":0,"76":0,"77":1,"78":0,"79":0,"80":0,"81":0,"82":0,"83":0,"84":0,"85":1},"b":{"1":[0,0],"2":[0,0],"3":[0,0],"4":[0,0],"5":[0,0],"6":[0,0],"7":[0,0,0,0],"8":[0,0],"9":[0,0],"10":[0,0],"11":[0,0],"12":[0,0],"13":[0,0],"14":[0,0],"15":[0,0],"16":[0,0],"17":[0,0],"18":[0,0],"19":[0,0],"20":[0,0],"21":[0,0],"22":[0,0],"23":[0,0],"24":[0,0],"25":[0,0],"26":[0,0],"27":[0,0],"28":[0,0],"29":[0,0],"30":[0,0],"31":[0,0]},"f":{"1":0,"2":0,"3":0,"4":0,"5":0,"6":0,"7":0,"8":0},"fnMap":{"1":{"name":"Grid","line":12,"loc":{"start":{"line":12,"column":0},"end":{"line":12,"column":47}}},"2":{"name":"(anonymous_2)","line":49,"loc":{"start":{"line":49,"column":29},"end":{"line":49,"column":61}}},"3":{"name":"(anonymous_3)","line":83,"loc":{"start":{"line":83,"column":27},"end":{"line":83,"column":42}}},"4":{"name":"(anonymous_4)","line":95,"loc":{"start":{"line":95,"column":30},"end":{"line":95,"column":45}}},"5":{"name":"(anonymous_5)","line":109,"loc":{"start":{"line":109,"column":26},"end":{"line":109,"column":41}}},"6":{"name":"(anonymous_6)","line":121,"loc":{"start":{"line":121,"column":31},"end":{"line":121,"column":56}}},"7":{"name":"(anonymous_7)","line":144,"loc":{"start":{"line":144,"column":30},"end":{"line":144,"column":63}}},"8":{"name":"(anonymous_8)","line":223,"loc":{"start":{"line":223,"column":23},"end":{"line":223,"column":34}}}},"statementMap":{"1":{"start":{"line":1,"column":0},"end":{"line":1,"column":29}},"2":{"start":{"line":2,"column":0},"end":{"line":2,"column":53}},"3":{"start":{"line":12,"column":0},"end":{"line":38,"column":1}},"4":{"start":{"line":13,"column":4},"end":{"line":13,"column":14}},"5":{"start":{"line":15,"column":4},"end":{"line":21,"column":5}},"6":{"start":{"line":16,"column":8},"end":{"line":16,"column":32}},"7":{"start":{"line":18,"column":8},"end":{"line":18,"column":40}},"8":{"start":{"line":19,"column":8},"end":{"line":19,"column":42}},"9":{"start":{"line":20,"column":8},"end":{"line":20,"column":33}},"10":{"start":{"line":27,"column":4},"end":{"line":27,"column":23}},"11":{"start":{"line":32,"column":4},"end":{"line":32,"column":25}},"12":{"start":{"line":37,"column":4},"end":{"line":37,"column":57}},"13":{"start":{"line":49,"column":0},"end":{"line":80,"column":2}},"14":{"start":{"line":50,"column":4},"end":{"line":51,"column":34}},"15":{"start":{"line":53,"column":4},"end":{"line":58,"column":5}},"16":{"start":{"line":54,"column":8},"end":{"line":54,"column":36}},"17":{"start":{"line":55,"column":8},"end":{"line":57,"column":9}},"18":{"start":{"line":56,"column":12},"end":{"line":56,"column":41}},"19":{"start":{"line":61,"column":4},"end":{"line":63,"column":5}},"20":{"start":{"line":62,"column":8},"end":{"line":62,"column":21}},"21":{"start":{"line":65,"column":4},"end":{"line":67,"column":5}},"22":{"start":{"line":66,"column":8},"end":{"line":66,"column":52}},"23":{"start":{"line":69,"column":4},"end":{"line":77,"column":5}},"24":{"start":{"line":70,"column":8},"end":{"line":76,"column":9}},"25":{"start":{"line":71,"column":12},"end":{"line":75,"column":13}},"26":{"start":{"line":74,"column":16},"end":{"line":74,"column":45}},"27":{"start":{"line":79,"column":4},"end":{"line":79,"column":17}},"28":{"start":{"line":83,"column":0},"end":{"line":85,"column":2}},"29":{"start":{"line":84,"column":4},"end":{"line":84,"column":28}},"30":{"start":{"line":95,"column":0},"end":{"line":97,"column":2}},"31":{"start":{"line":96,"column":4},"end":{"line":96,"column":60}},"32":{"start":{"line":109,"column":0},"end":{"line":111,"column":2}},"33":{"start":{"line":110,"column":4},"end":{"line":110,"column":69}},"34":{"start":{"line":121,"column":0},"end":{"line":123,"column":2}},"35":{"start":{"line":122,"column":4},"end":{"line":122,"column":41}},"36":{"start":{"line":144,"column":0},"end":{"line":216,"column":2}},"37":{"start":{"line":145,"column":4},"end":{"line":152,"column":27}},"38":{"start":{"line":155,"column":4},"end":{"line":158,"column":5}},"39":{"start":{"line":156,"column":8},"end":{"line":156,"column":40}},"40":{"start":{"line":157,"column":8},"end":{"line":157,"column":18}},"41":{"start":{"line":160,"column":4},"end":{"line":163,"column":5}},"42":{"start":{"line":161,"column":8},"end":{"line":161,"column":40}},"43":{"start":{"line":162,"column":8},"end":{"line":162,"column":18}},"44":{"start":{"line":165,"column":4},"end":{"line":168,"column":5}},"45":{"start":{"line":166,"column":8},"end":{"line":166,"column":40}},"46":{"start":{"line":167,"column":8},"end":{"line":167,"column":18}},"47":{"start":{"line":170,"column":4},"end":{"line":173,"column":5}},"48":{"start":{"line":171,"column":8},"end":{"line":171,"column":40}},"49":{"start":{"line":172,"column":8},"end":{"line":172,"column":18}},"50":{"start":{"line":175,"column":4},"end":{"line":177,"column":5}},"51":{"start":{"line":176,"column":8},"end":{"line":176,"column":25}},"52":{"start":{"line":179,"column":4},"end":{"line":196,"column":5}},"53":{"start":{"line":180,"column":8},"end":{"line":180,"column":22}},"54":{"start":{"line":181,"column":8},"end":{"line":181,"column":22}},"55":{"start":{"line":182,"column":8},"end":{"line":182,"column":22}},"56":{"start":{"line":183,"column":8},"end":{"line":183,"column":22}},"57":{"start":{"line":184,"column":11},"end":{"line":196,"column":5}},"58":{"start":{"line":185,"column":8},"end":{"line":185,"column":22}},"59":{"start":{"line":186,"column":8},"end":{"line":186,"column":22}},"60":{"start":{"line":187,"column":8},"end":{"line":187,"column":22}},"61":{"start":{"line":188,"column":8},"end":{"line":188,"column":22}},"62":{"start":{"line":189,"column":11},"end":{"line":196,"column":5}},"63":{"start":{"line":190,"column":8},"end":{"line":190,"column":18}},"64":{"start":{"line":191,"column":8},"end":{"line":191,"column":18}},"65":{"start":{"line":192,"column":8},"end":{"line":192,"column":18}},"66":{"start":{"line":193,"column":8},"end":{"line":193,"column":18}},"67":{"start":{"line":195,"column":8},"end":{"line":195,"column":63}},"68":{"start":{"line":199,"column":4},"end":{"line":201,"column":5}},"69":{"start":{"line":200,"column":8},"end":{"line":200,"column":44}},"70":{"start":{"line":203,"column":4},"end":{"line":205,"column":5}},"71":{"start":{"line":204,"column":8},"end":{"line":204,"column":44}},"72":{"start":{"line":207,"column":4},"end":{"line":209,"column":5}},"73":{"start":{"line":208,"column":8},"end":{"line":208,"column":44}},"74":{"start":{"line":211,"column":4},"end":{"line":213,"column":5}},"75":{"start":{"line":212,"column":8},"end":{"line":212,"column":44}},"76":{"start":{"line":215,"column":4},"end":{"line":215,"column":21}},"77":{"start":{"line":223,"column":0},"end":{"line":243,"column":2}},"78":{"start":{"line":224,"column":4},"end":{"line":231,"column":37}},"79":{"start":{"line":233,"column":4},"end":{"line":238,"column":5}},"80":{"start":{"line":234,"column":8},"end":{"line":234,"column":39}},"81":{"start":{"line":235,"column":8},"end":{"line":237,"column":9}},"82":{"start":{"line":236,"column":12},"end":{"line":236,"column":70}},"83":{"start":{"line":240,"column":4},"end":{"line":240,"column":29}},"84":{"start":{"line":242,"column":4},"end":{"line":242,"column":19}},"85":{"start":{"line":245,"column":0},"end":{"line":245,"column":22}}},"branchMap":{"1":{"line":15,"type":"if","locations":[{"start":{"line":15,"column":4},"end":{"line":15,"column":4}},{"start":{"line":15,"column":4},"end":{"line":15,"column":4}}]},"2":{"line":61,"type":"if","locations":[{"start":{"line":61,"column":4},"end":{"line":61,"column":4}},{"start":{"line":61,"column":4},"end":{"line":61,"column":4}}]},"3":{"line":65,"type":"if","locations":[{"start":{"line":65,"column":4},"end":{"line":65,"column":4}},{"start":{"line":65,"column":4},"end":{"line":65,"column":4}}]},"4":{"line":65,"type":"binary-expr","locations":[{"start":{"line":65,"column":8},"end":{"line":65,"column":32}},{"start":{"line":65,"column":36},"end":{"line":65,"column":62}}]},"5":{"line":71,"type":"if","locations":[{"start":{"line":71,"column":12},"end":{"line":71,"column":12}},{"start":{"line":71,"column":12},"end":{"line":71,"column":12}}]},"6":{"line":96,"type":"binary-expr","locations":[{"start":{"line":96,"column":11},"end":{"line":96,"column":30}},{"start":{"line":96,"column":34},"end":{"line":96,"column":59}}]},"7":{"line":110,"type":"binary-expr","locations":[{"start":{"line":110,"column":12},"end":{"line":110,"column":18}},{"start":{"line":110,"column":22},"end":{"line":110,"column":36}},{"start":{"line":110,"column":42},"end":{"line":110,"column":48}},{"start":{"line":110,"column":52},"end":{"line":110,"column":67}}]},"8":{"line":155,"type":"if","locations":[{"start":{"line":155,"column":4},"end":{"line":155,"column":4}},{"start":{"line":155,"column":4},"end":{"line":155,"column":4}}]},"9":{"line":160,"type":"if","locations":[{"start":{"line":160,"column":4},"end":{"line":160,"column":4}},{"start":{"line":160,"column":4},"end":{"line":160,"column":4}}]},"10":{"line":165,"type":"if","locations":[{"start":{"line":165,"column":4},"end":{"line":165,"column":4}},{"start":{"line":165,"column":4},"end":{"line":165,"column":4}}]},"11":{"line":170,"type":"if","locations":[{"start":{"line":170,"column":4},"end":{"line":170,"column":4}},{"start":{"line":170,"column":4},"end":{"line":170,"column":4}}]},"12":{"line":175,"type":"if","locations":[{"start":{"line":175,"column":4},"end":{"line":175,"column":4}},{"start":{"line":175,"column":4},"end":{"line":175,"column":4}}]},"13":{"line":179,"type":"if","locations":[{"start":{"line":179,"column":4},"end":{"line":179,"column":4}},{"start":{"line":179,"column":4},"end":{"line":179,"column":4}}]},"14":{"line":180,"type":"binary-expr","locations":[{"start":{"line":180,"column":13},"end":{"line":180,"column":15}},{"start":{"line":180,"column":19},"end":{"line":180,"column":21}}]},"15":{"line":181,"type":"binary-expr","locations":[{"start":{"line":181,"column":13},"end":{"line":181,"column":15}},{"start":{"line":181,"column":19},"end":{"line":181,"column":21}}]},"16":{"line":182,"type":"binary-expr","locations":[{"start":{"line":182,"column":13},"end":{"line":182,"column":15}},{"start":{"line":182,"column":19},"end":{"line":182,"column":21}}]},"17":{"line":183,"type":"binary-expr","locations":[{"start":{"line":183,"column":13},"end":{"line":183,"column":15}},{"start":{"line":183,"column":19},"end":{"line":183,"column":21}}]},"18":{"line":184,"type":"if","locations":[{"start":{"line":184,"column":11},"end":{"line":184,"column":11}},{"start":{"line":184,"column":11},"end":{"line":184,"column":11}}]},"19":{"line":185,"type":"binary-expr","locations":[{"start":{"line":185,"column":13},"end":{"line":185,"column":15}},{"start":{"line":185,"column":19},"end":{"line":185,"column":21}}]},"20":{"line":186,"type":"binary-expr","locations":[{"start":{"line":186,"column":13},"end":{"line":186,"column":15}},{"start":{"line":186,"column":19},"end":{"line":186,"column":21}}]},"21":{"line":187,"type":"binary-expr","locations":[{"start":{"line":187,"column":13},"end":{"line":187,"column":15}},{"start":{"line":187,"column":19},"end":{"line":187,"column":21}}]},"22":{"line":188,"type":"binary-expr","locations":[{"start":{"line":188,"column":13},"end":{"line":188,"column":15}},{"start":{"line":188,"column":19},"end":{"line":188,"column":21}}]},"23":{"line":189,"type":"if","locations":[{"start":{"line":189,"column":11},"end":{"line":189,"column":11}},{"start":{"line":189,"column":11},"end":{"line":189,"column":11}}]},"24":{"line":199,"type":"if","locations":[{"start":{"line":199,"column":4},"end":{"line":199,"column":4}},{"start":{"line":199,"column":4},"end":{"line":199,"column":4}}]},"25":{"line":199,"type":"binary-expr","locations":[{"start":{"line":199,"column":8},"end":{"line":199,"column":10}},{"start":{"line":199,"column":14},"end":{"line":199,"column":45}}]},"26":{"line":203,"type":"if","locations":[{"start":{"line":203,"column":4},"end":{"line":203,"column":4}},{"start":{"line":203,"column":4},"end":{"line":203,"column":4}}]},"27":{"line":203,"type":"binary-expr","locations":[{"start":{"line":203,"column":8},"end":{"line":203,"column":10}},{"start":{"line":203,"column":14},"end":{"line":203,"column":45}}]},"28":{"line":207,"type":"if","locations":[{"start":{"line":207,"column":4},"end":{"line":207,"column":4}},{"start":{"line":207,"column":4},"end":{"line":207,"column":4}}]},"29":{"line":207,"type":"binary-expr","locations":[{"start":{"line":207,"column":8},"end":{"line":207,"column":10}},{"start":{"line":207,"column":14},"end":{"line":207,"column":45}}]},"30":{"line":211,"type":"if","locations":[{"start":{"line":211,"column":4},"end":{"line":211,"column":4}},{"start":{"line":211,"column":4},"end":{"line":211,"column":4}}]},"31":{"line":211,"type":"binary-expr","locations":[{"start":{"line":211,"column":8},"end":{"line":211,"column":10}},{"start":{"line":211,"column":14},"end":{"line":211,"column":45}}]}},"code":["var Node = require('./Node');","var DiagonalMovement = require('./DiagonalMovement');","","/**"," * The Grid class, which serves as the encapsulation of the layout of the nodes."," * @constructor"," * @param {number|Array<Array<(number|boolean)>>} width_or_matrix Number of columns of the grid, or matrix"," * @param {number} height Number of rows of the grid."," * @param {Array<Array<(number|boolean)>>} [matrix] - A 0-1 matrix"," *     representing the walkable status of the nodes(0 or false for walkable)."," *     If the matrix is not supplied, all the nodes will be walkable.  */","function Grid(width_or_matrix, height, matrix) {","    var width;","","    if (typeof width_or_matrix !== 'object') {","        width = width_or_matrix;","    } else {","        height = width_or_matrix.length;","        width = width_or_matrix[0].length;","        matrix = width_or_matrix;","    }","","    /**","     * The number of columns of the grid.","     * @type number","     */","    this.width = width;","    /**","     * The number of rows of the grid.","     * @type number","     */","    this.height = height;","","    /**","     * A 2D array of nodes.","     */","    this.nodes = this._buildNodes(width, height, matrix);","}","","/**"," * Build and return the nodes."," * @private"," * @param {number} width"," * @param {number} height"," * @param {Array<Array<number|boolean>>} [matrix] - A 0-1 matrix representing"," *     the walkable status of the nodes."," * @see Grid"," */","Grid.prototype._buildNodes = function(width, height, matrix) {","    var i, j,","        nodes = new Array(height);","","    for (i = 0; i < height; ++i) {","        nodes[i] = new Array(width);","        for (j = 0; j < width; ++j) {","            nodes[i][j] = new Node(j, i);","        }","    }","","","    if (matrix === undefined) {","        return nodes;","    }","","    if (matrix.length !== height || matrix[0].length !== width) {","        throw new Error('Matrix size does not fit');","    }","","    for (i = 0; i < height; ++i) {","        for (j = 0; j < width; ++j) {","            if (matrix[i][j]) {","                // 0, false, null will be walkable","                // while others will be un-walkable","                nodes[i][j].walkable = false;","            }","        }","    }","","    return nodes;","};","","","Grid.prototype.getNodeAt = function(x, y) {","    return this.nodes[y][x];","};","","","/**"," * Determine whether the node at the given position is walkable."," * (Also returns false if the position is outside the grid.)"," * @param {number} x - The x coordinate of the node."," * @param {number} y - The y coordinate of the node."," * @return {boolean} - The walkability of the node."," */","Grid.prototype.isWalkableAt = function(x, y) {","    return this.isInside(x, y) && this.nodes[y][x].walkable;","};","","","/**"," * Determine whether the position is inside the grid."," * XXX: `grid.isInside(x, y)` is wierd to read."," * It should be `(x, y) is inside grid`, but I failed to find a better"," * name for this method."," * @param {number} x"," * @param {number} y"," * @return {boolean}"," */","Grid.prototype.isInside = function(x, y) {","    return (x >= 0 && x < this.width) && (y >= 0 && y < this.height);","};","","","/**"," * Set whether the node on the given position is walkable."," * NOTE: throws exception if the coordinate is not inside the grid."," * @param {number} x - The x coordinate of the node."," * @param {number} y - The y coordinate of the node."," * @param {boolean} walkable - Whether the position is walkable."," */","Grid.prototype.setWalkableAt = function(x, y, walkable) {","    this.nodes[y][x].walkable = walkable;","};","","","/**"," * Get the neighbors of the given node."," *"," *     offsets      diagonalOffsets:"," *  +---+---+---+    +---+---+---+"," *  |   | 0 |   |    | 0 |   | 1 |"," *  +---+---+---+    +---+---+---+"," *  | 3 |   | 1 |    |   |   |   |"," *  +---+---+---+    +---+---+---+"," *  |   | 2 |   |    | 3 |   | 2 |"," *  +---+---+---+    +---+---+---+"," *"," *  When allowDiagonal is true, if offsets[i] is valid, then"," *  diagonalOffsets[i] and"," *  diagonalOffsets[(i + 1) % 4] is valid."," * @param {Node} node"," * @param {DiagonalMovement} diagonalMovement"," */","Grid.prototype.getNeighbors = function(node, diagonalMovement) {","    var x = node.x,","        y = node.y,","        neighbors = [],","        s0 = false, d0 = false,","        s1 = false, d1 = false,","        s2 = false, d2 = false,","        s3 = false, d3 = false,","        nodes = this.nodes;","","    // ↑","    if (this.isWalkableAt(x, y - 1)) {","        neighbors.push(nodes[y - 1][x]);","        s0 = true;","    }","    // →","    if (this.isWalkableAt(x + 1, y)) {","        neighbors.push(nodes[y][x + 1]);","        s1 = true;","    }","    // ↓","    if (this.isWalkableAt(x, y + 1)) {","        neighbors.push(nodes[y + 1][x]);","        s2 = true;","    }","    // ←","    if (this.isWalkableAt(x - 1, y)) {","        neighbors.push(nodes[y][x - 1]);","        s3 = true;","    }","","    if (diagonalMovement === DiagonalMovement.Never) {","        return neighbors;","    }","","    if (diagonalMovement === DiagonalMovement.OnlyWhenNoObstacles) {","        d0 = s3 && s0;","        d1 = s0 && s1;","        d2 = s1 && s2;","        d3 = s2 && s3;","    } else if (diagonalMovement === DiagonalMovement.IfAtMostOneObstacle) {","        d0 = s3 || s0;","        d1 = s0 || s1;","        d2 = s1 || s2;","        d3 = s2 || s3;","    } else if (diagonalMovement === DiagonalMovement.Always) {","        d0 = true;","        d1 = true;","        d2 = true;","        d3 = true;","    } else {","        throw new Error('Incorrect value of diagonalMovement');","    }","","    // ↖","    if (d0 && this.isWalkableAt(x - 1, y - 1)) {","        neighbors.push(nodes[y - 1][x - 1]);","    }","    // ↗","    if (d1 && this.isWalkableAt(x + 1, y - 1)) {","        neighbors.push(nodes[y - 1][x + 1]);","    }","    // ↘","    if (d2 && this.isWalkableAt(x + 1, y + 1)) {","        neighbors.push(nodes[y + 1][x + 1]);","    }","    // ↙","    if (d3 && this.isWalkableAt(x - 1, y + 1)) {","        neighbors.push(nodes[y + 1][x - 1]);","    }","","    return neighbors;","};","","","/**"," * Get a clone of this grid."," * @return {Grid} Cloned grid."," */","Grid.prototype.clone = function() {","    var i, j,","","        width = this.width,","        height = this.height,","        thisNodes = this.nodes,","","        newGrid = new Grid(width, height),","        newNodes = new Array(height);","","    for (i = 0; i < height; ++i) {","        newNodes[i] = new Array(width);","        for (j = 0; j < width; ++j) {","            newNodes[i][j] = new Node(j, i, thisNodes[i][j].walkable);","        }","    }","","    newGrid.nodes = newNodes;","","    return newGrid;","};","","module.exports = Grid;",""],"l":{"1":1,"2":1,"12":1,"13":0,"15":0,"16":0,"18":0,"19":0,"20":0,"27":0,"32":0,"37":0,"49":1,"50":0,"53":0,"54":0,"55":0,"56":0,"61":0,"62":0,"65":0,"66":0,"69":0,"70":0,"71":0,"74":0,"79":0,"83":1,"84":0,"95":1,"96":0,"109":1,"110":0,"121":1,"122":0,"144":1,"145":0,"155":0,"156":0,"157":0,"160":0,"161":0,"162":0,"165":0,"166":0,"167":0,"170":0,"171":0,"172":0,"175":0,"176":0,"179":0,"180":0,"181":0,"182":0,"183":0,"184":0,"185":0,"186":0,"187":0,"188":0,"189":0,"190":0,"191":0,"192":0,"193":0,"195":0,"199":0,"200":0,"203":0,"204":0,"207":0,"208":0,"211":0,"212":0,"215":0,"223":1,"224":0,"233":0,"234":0,"235":0,"236":0,"240":0,"242":0,"245":1}},"/home/travis/build/npmtest/node-npmtest-pathfinding/node_modules/pathfinding/src/core/DiagonalMovement.js":{"path":"/home/travis/build/npmtest/node-npmtest-pathfinding/node_modules/pathfinding/src/core/DiagonalMovement.js","s":{"1":1,"2":1},"b":{},"f":{},"fnMap":{},"statementMap":{"1":{"start":{"line":1,"column":0},"end":{"line":6,"column":2}},"2":{"start":{"line":8,"column":0},"end":{"line":8,"column":34}}},"branchMap":{},"code":["var DiagonalMovement = {","    Always: 1,","    Never: 2,","    IfAtMostOneObstacle: 3,","    OnlyWhenNoObstacles: 4","};","","module.exports = DiagonalMovement;"],"l":{"1":1,"8":1}},"/home/travis/build/npmtest/node-npmtest-pathfinding/node_modules/pathfinding/src/core/Util.js":{"path":"/home/travis/build/npmtest/node-npmtest-pathfinding/node_modules/pathfinding/src/core/Util.js","s":{"1":1,"2":0,"3":0,"4":0,"5":0,"6":0,"7":1,"8":1,"9":0,"10":0,"11":1,"12":1,"13":0,"14":0,"15":0,"16":0,"17":0,"18":0,"19":0,"20":0,"21":1,"22":1,"23":0,"24":0,"25":0,"26":0,"27":0,"28":0,"29":0,"30":0,"31":0,"32":0,"33":0,"34":0,"35":0,"36":0,"37":0,"38":0,"39":0,"40":0,"41":1,"42":1,"43":0,"44":0,"45":0,"46":0,"47":0,"48":0,"49":0,"50":0,"51":0,"52":0,"53":0,"54":0,"55":1,"56":1,"57":0,"58":0,"59":0,"60":0,"61":0,"62":0,"63":0,"64":0,"65":0,"66":0,"67":0,"68":0,"69":0,"70":0,"71":0,"72":0,"73":0,"74":0,"75":0,"76":0,"77":0,"78":0,"79":1,"80":1,"81":0,"82":0,"83":0,"84":0,"85":0,"86":0,"87":0,"88":0,"89":0,"90":0,"91":0,"92":0,"93":0,"94":0,"95":0,"96":0,"97":0,"98":0,"99":0,"100":0,"101":0,"102":0,"103":0,"104":1},"b":{"1":[0,0],"2":[0,0],"3":[0,0],"4":[0,0],"5":[0,0],"6":[0,0],"7":[0,0],"8":[0,0],"9":[0,0],"10":[0,0],"11":[0,0],"12":[0,0]},"f":{"1":0,"2":0,"3":0,"4":0,"5":0,"6":0,"7":0},"fnMap":{"1":{"name":"backtrace","line":7,"loc":{"start":{"line":7,"column":0},"end":{"line":7,"column":25}}},"2":{"name":"biBacktrace","line":23,"loc":{"start":{"line":23,"column":0},"end":{"line":23,"column":35}}},"3":{"name":"pathLength","line":35,"loc":{"start":{"line":35,"column":0},"end":{"line":35,"column":26}}},"4":{"name":"interpolate","line":59,"loc":{"start":{"line":59,"column":0},"end":{"line":59,"column":37}}},"5":{"name":"expandPath","line":101,"loc":{"start":{"line":101,"column":0},"end":{"line":101,"column":26}}},"6":{"name":"smoothenPath","line":136,"loc":{"start":{"line":136,"column":0},"end":{"line":136,"column":34}}},"7":{"name":"compressPath","line":186,"loc":{"start":{"line":186,"column":0},"end":{"line":186,"column":28}}}},"statementMap":{"1":{"start":{"line":7,"column":0},"end":{"line":14,"column":1}},"2":{"start":{"line":8,"column":4},"end":{"line":8,"column":34}},"3":{"start":{"line":9,"column":4},"end":{"line":12,"column":5}},"4":{"start":{"line":10,"column":8},"end":{"line":10,"column":27}},"5":{"start":{"line":11,"column":8},"end":{"line":11,"column":36}},"6":{"start":{"line":13,"column":4},"end":{"line":13,"column":26}},"7":{"start":{"line":15,"column":0},"end":{"line":15,"column":30}},"8":{"start":{"line":23,"column":0},"end":{"line":27,"column":1}},"9":{"start":{"line":24,"column":4},"end":{"line":25,"column":33}},"10":{"start":{"line":26,"column":4},"end":{"line":26,"column":41}},"11":{"start":{"line":28,"column":0},"end":{"line":28,"column":34}},"12":{"start":{"line":35,"column":0},"end":{"line":45,"column":1}},"13":{"start":{"line":36,"column":4},"end":{"line":36,"column":33}},"14":{"start":{"line":37,"column":4},"end":{"line":43,"column":5}},"15":{"start":{"line":38,"column":8},"end":{"line":38,"column":24}},"16":{"start":{"line":39,"column":8},"end":{"line":39,"column":20}},"17":{"start":{"line":40,"column":8},"end":{"line":40,"column":25}},"18":{"start":{"line":41,"column":8},"end":{"line":41,"column":25}},"19":{"start":{"line":42,"column":8},"end":{"line":42,"column":44}},"20":{"start":{"line":44,"column":4},"end":{"line":44,"column":15}},"21":{"start":{"line":46,"column":0},"end":{"line":46,"column":32}},"22":{"start":{"line":59,"column":0},"end":{"line":91,"column":1}},"23":{"start":{"line":60,"column":4},"end":{"line":62,"column":32}},"24":{"start":{"line":64,"column":4},"end":{"line":64,"column":22}},"25":{"start":{"line":65,"column":4},"end":{"line":65,"column":22}},"26":{"start":{"line":67,"column":4},"end":{"line":67,"column":28}},"27":{"start":{"line":68,"column":4},"end":{"line":68,"column":28}},"28":{"start":{"line":70,"column":4},"end":{"line":70,"column":18}},"29":{"start":{"line":72,"column":4},"end":{"line":88,"column":5}},"30":{"start":{"line":73,"column":8},"end":{"line":73,"column":28}},"31":{"start":{"line":75,"column":8},"end":{"line":77,"column":9}},"32":{"start":{"line":76,"column":12},"end":{"line":76,"column":18}},"33":{"start":{"line":79,"column":8},"end":{"line":79,"column":21}},"34":{"start":{"line":80,"column":8},"end":{"line":83,"column":9}},"35":{"start":{"line":81,"column":12},"end":{"line":81,"column":27}},"36":{"start":{"line":82,"column":12},"end":{"line":82,"column":25}},"37":{"start":{"line":84,"column":8},"end":{"line":87,"column":9}},"38":{"start":{"line":85,"column":12},"end":{"line":85,"column":27}},"39":{"start":{"line":
[...]
ne":173,"column":18}},"53":{"start":{"line":175,"column":12},"end":{"line":175,"column":74}},"54":{"start":{"line":176,"column":12},"end":{"line":176,"column":19}},"55":{"start":{"line":180,"column":8},"end":{"line":182,"column":45}},"56":{"start":{"line":185,"column":8},"end":{"line":189,"column":41}},"57":{"start":{"line":192,"column":8},"end":{"line":192,"column":54}},"58":{"start":{"line":193,"column":8},"end":{"line":198,"column":9}},"59":{"start":{"line":194,"column":12},"end":{"line":194,"column":71}},"60":{"start":{"line":195,"column":12},"end":{"line":197,"column":13}},"61":{"start":{"line":196,"column":16},"end":{"line":196,"column":37}},"62":{"start":{"line":199,"column":8},"end":{"line":199,"column":42}},"63":{"start":{"line":200,"column":8},"end":{"line":218,"column":9}},"64":{"start":{"line":202,"column":12},"end":{"line":209,"column":13}},"65":{"start":{"line":203,"column":16},"end":{"line":203,"column":79}},"66":{"start":{"line":204,"column":16},"end":{"line":204,"column":36}},"67":{"start":{"line":205,"column":16},"end":{"line":207,"column":49}},"68":{"start":{"line":206,"column":20},"end":{"line":206,"column":34}},"69":{"start":{"line":208,"column":16},"end":{"line":208,"column":50}},"70":{"start":{"line":212,"column":12},"end":{"line":214,"column":13}},"71":{"start":{"line":213,"column":16},"end":{"line":213,"column":23}},"72":{"start":{"line":215,"column":12},"end":{"line":215,"column":81}},"73":{"start":{"line":216,"column":12},"end":{"line":216,"column":65}},"74":{"start":{"line":217,"column":12},"end":{"line":217,"column":32}},"75":{"start":{"line":221,"column":8},"end":{"line":221,"column":59}},"76":{"start":{"line":222,"column":8},"end":{"line":228,"column":9}},"77":{"start":{"line":223,"column":12},"end":{"line":223,"column":30}},"78":{"start":{"line":224,"column":12},"end":{"line":224,"column":25}},"79":{"start":{"line":225,"column":12},"end":{"line":225,"column":25}},"80":{"start":{"line":226,"column":12},"end":{"line":226,"column":57}},"81":{"start":{"line":227,"column":12},"end":{"line":227,"column":44}},"82":{"start":{"line":231,"column":8},"end":{"line":231,"column":51}},"83":{"start":{"line":232,"column":8},"end":{"line":234,"column":9}},"84":{"start":{"line":233,"column":12},"end":{"line":233,"column":19}},"85":{"start":{"line":235,"column":8},"end":{"line":242,"column":9}},"86":{"start":{"line":236,"column":12},"end":{"line":241,"column":13}},"87":{"start":{"line":237,"column":16},"end":{"line":240,"column":17}},"88":{"start":{"line":238,"column":20},"end":{"line":238,"column":48}},"89":{"start":{"line":239,"column":20},"end":{"line":239,"column":46}},"90":{"start":{"line":245,"column":8},"end":{"line":247,"column":9}},"91":{"start":{"line":246,"column":12},"end":{"line":246,"column":19}},"92":{"start":{"line":248,"column":8},"end":{"line":248,"column":46}},"93":{"start":{"line":249,"column":8},"end":{"line":249,"column":66}},"94":{"start":{"line":255,"column":8},"end":{"line":255,"column":47}},"95":{"start":{"line":257,"column":8},"end":{"line":258,"column":50}},"96":{"start":{"line":259,"column":8},"end":{"line":262,"column":9}},"97":{"start":{"line":260,"column":12},"end":{"line":261,"column":54}},"98":{"start":{"line":264,"column":8},"end":{"line":264,"column":29}},"99":{"start":{"line":267,"column":8},"end":{"line":269,"column":9}},"100":{"start":{"line":268,"column":12},"end":{"line":268,"column":31}},"101":{"start":{"line":275,"column":8},"end":{"line":278,"column":10}},"102":{"start":{"line":284,"column":8},"end":{"line":287,"column":10}},"103":{"start":{"line":290,"column":8},"end":{"line":294,"column":10}},"104":{"start":{"line":295,"column":8},"end":{"line":295,"column":52}},"105":{"start":{"line":298,"column":8},"end":{"line":301,"column":23}},"106":{"start":{"line":303,"column":8},"end":{"line":311,"column":9}},"107":{"start":{"line":304,"column":12},"end":{"line":304,"column":46}},"108":{"start":{"line":305,"column":12},"end":{"line":310,"column":13}},"109":{"start":{"line":306,"column":16},"end":{"line":306,"column":36}},"110":{"start":{"line":307,"column":16},"end":{"line":309,"column":17}},"111":{"start":{"line":308,"column":20},"end":{"line":308,"column":46}},"112":{"start":{"line":313,"column":8},"end":{"line":313,"column":48}},"113":{"start":{"line":316,"column":8},"end":{"line":320,"column":24}},"114":{"start":{"line":322,"column":8},"end":{"line":324,"column":9}},"115":{"start":{"line":323,"column":12},"end":{"line":323,"column":22}},"116":{"start":{"line":326,"column":8},"end":{"line":332,"column":9}},"117":{"start":{"line":327,"column":12},"end":{"line":331,"column":13}},"118":{"start":{"line":328,"column":16},"end":{"line":330,"column":17}},"119":{"start":{"line":329,"column":20},"end":{"line":329,"column":40}},"120":{"start":{"line":333,"column":8},"end":{"line":333,"column":22}}},"branchMap":{"1":{"line":113,"type":"if","locations":[{"start":{"line":113,"column":12},"end":{"line":113,"column":12}},{"start":{"line":113,"column":12},"end":{"line":113,"column":12}}]},"2":{"line":120,"type":"if","locations":[{"start":{"line":120,"column":8},"end":{"line":120,"column":8}},{"start":{"line":120,"column":8},"end":{"line":120,"column":8}}]},"3":{"line":134,"type":"if","locations":[{"start":{"line":134,"column":8},"end":{"line":134,"column":8}},{"start":{"line":134,"column":8},"end":{"line":134,"column":8}}]},"4":{"line":151,"type":"switch","locations":[{"start":{"line":152,"column":8},"end":{"line":155,"column":18}},{"start":{"line":156,"column":8},"end":{"line":159,"column":18}},{"start":{"line":160,"column":8},"end":{"line":163,"column":18}},{"start":{"line":164,"column":8},"end":{"line":169,"column":18}},{"start":{"line":170,"column":8},"end":{"line":173,"column":18}},{"start":{"line":174,"column":8},"end":{"line":176,"column":19}}]},"5":{"line":153,"type":"cond-expr","locations":[{"start":{"line":153,"column":28},"end":{"line":153,"column":49}},{"start":{"line":153,"column":52},"end":{"line":153,"column":74}}]},"6":{"line":165,"type":"cond-expr","locations":[{"start":{"line":165,"column":39},"end":{"line":165,"column":60}},{"start":{"line":165,"column":63},"end":{"line":165,"column":84}}]},"7":{"line":193,"type":"if","locations":[{"start":{"line":193,"column":8},"end":{"line":193,"column":8}},{"start":{"line":193,"column":8},"end":{"line":193,"column":8}}]},"8":{"line":200,"type":"if","locations":[{"start":{"line":200,"column":8},"end":{"line":200,"column":8}},{"start":{"line":200,"column":8},"end":{"line":200,"column":8}}]},"9":{"line":202,"type":"if","locations":[{"start":{"line":202,"column":12},"end":{"line":202,"column":12}},{"start":{"line":202,"column":12},"end":{"line":202,"column":12}}]},"10":{"line":212,"type":"if","locations":[{"start":{"line":212,"column":12},"end":{"line":212,"column":12}},{"start":{"line":212,"column":12},"end":{"line":212,"column":12}}]},"11":{"line":232,"type":"if","locations":[{"start":{"line":232,"column":8},"end":{"line":232,"column":8}},{"start":{"line":232,"column":8},"end":{"line":232,"column":8}}]},"12":{"line":237,"type":"if","locations":[{"start":{"line":237,"column":16},"end":{"line":237,"column":16}},{"start":{"line":237,"column":16},"end":{"line":237,"column":16}}]},"13":{"line":245,"type":"if","locations":[{"start":{"line":245,"column":8},"end":{"line":245,"column":8}},{"start":{"line":245,"column":8},"end":{"line":245,"column":8}}]},"14":{"line":267,"type":"if","locations":[{"start":{"line":267,"column":8},"end":{"line":267,"column":8}},{"start":{"line":267,"column":8},"end":{"line":267,"column":8}}]},"15":{"line":303,"type":"if","locations":[{"start":{"line":303,"column":8},"end":{"line":303,"column":8}},{"start":{"line":303,"column":8},"end":{"line":303,"column":8}}]},"16":{"line":322,"type":"if","locations":[{"start":{"line":322,"column":8},"end":{"line":322,"column":8}},{"start":{"line":322,"column":8},"end":{"line":322,"column":8}}]},"17":{"line":328,"type":"if","locations":[{"start":{"line":328,"column":16},"end":{"line":328,"column":16}},{"start":{"line":328,"column":16},"end":{"line":328,"column":16}}]}},"code":["/**"," * The pathfinding visualization."," * It uses raphael.js to show the grids."," */","var View = {","    nodeSize: 30, // width and height of a single node, in pixel","    nodeStyle: {","        normal: {","            fill: 'white',","            'stroke-opacity': 0.2, // the border","        },","        blocked: {","            fill: 'grey',","            'stroke-opacity': 0.2,","        },","        start: {","            fill: '#0d0',","            'stroke-opacity': 0.2,","        },","        end: {","            fill: '#e40',","            'stroke-opacity': 0.2,","        },","        opened: {","            fill: '#98fb98',","            'stroke-opacity': 0.2,","        },","        closed: {","            fill: '#afeeee',","            'stroke-opacity': 0.2,","        },","        failed: {","            fill: '#ff8888',","            'stroke-opacity': 0.2,","        },","        tested: {","            fill: '#e5e5e5',","            'stroke-opacity': 0.2,","        },","    },","    nodeColorizeEffect: {","        duration: 50,","    },","    nodeZoomEffect: {","        duration: 200,","        transform: 's1.2', // scale by 1.2x","        transformBack: 's1.0',","    },","    pathStyle: {","        stroke: 'yellow',","        'stroke-width': 3,","    },","    supportedOperations: ['opened', 'closed', 'tested'],","    init: function(opts) {","        this.numCols      = opts.numCols;","        this.numRows      = opts.numRows;","        this.paper        = Raphael('draw_area');","        this.$stats       = $('#stats');","    },","    /**","     * Generate the grid asynchronously.","     * This method will be a very expensive task.","     * Therefore, in order to not to block the rendering of browser ui,","     * I decomposed the task into smaller ones. Each will only generate a row.","     */","    generateGrid: function(callback) {","        var i, j, x, y,","            rect,","            normalStyle, nodeSize,","            createRowTask, sleep, tasks,","            nodeSize    = this.nodeSize,","            normalStyle = this.nodeStyle.normal,","            numCols     = this.numCols,","            numRows     = this.numRows,","            paper       = this.paper,","            rects       = this.rects = [],","            $stats      = this.$stats;","","        paper.setSize(numCols * nodeSize, numRows * nodeSize);","","        createRowTask = function(rowId) {","            return function(done) {","                rects[rowId] = [];","                for (j = 0; j < numCols; ++j) {","                    x = j * nodeSize;","                    y = rowId * nodeSize;","","                    rect = paper.rect(x, y, nodeSize, nodeSize);","                    rect.attr(normalStyle);","                    rects[rowId].push(rect);","                }","                $stats.text(","                    'generating grid ' +","                    Math.round((rowId + 1) / numRows * 100) + '%'","                );","                done(null);","            };","        };","","        sleep = function(done) {","            setTimeout(function() {","                done(null);","            }, 0);","        };","","        tasks = [];","        for (i = 0; i < numRows; ++i) {","            tasks.push(createRowTask(i));","            tasks.push(sleep);","        }","","        async.series(tasks, function() {","            if (callback) {","                callback();","            }","        });","    },","    setStartPos: function(gridX, gridY) {","        var coord = this.toPageCoordinate(gridX, gridY);","        if (!this.startNode) {","            this.startNode = this.paper.rect(","                coord[0],","                coord[1],","                this.nodeSize,","                this.nodeSize","            ).attr(this.nodeStyle.normal)","             .animate(this.nodeStyle.start, 1000);","        } else {","            this.startNode.attr({ x: coord[0], y: coord[1] }).toFront();","        }","    },","    setEndPos: function(gridX, gridY) {","        var coord = this.toPageCoordinate(gridX, gridY);","        if (!this.endNode) {","            this.endNode = this.paper.rect(","                coord[0],","                coord[1],","                this.nodeSize,","                this.nodeSize","            ).attr(this.nodeStyle.normal)","             .animate(this.nodeStyle.end, 1000);","        } else {","            this.endNode.attr({ x: coord[0], y: coord[1] }).toFront();","        }","    },","    /**","     * Set the attribute of the node at the given coordinate.","     */","    setAttributeAt: function(gridX, gridY, attr, value) {","        var color, nodeStyle = this.nodeStyle;","        switch (attr) {","        case 'walkable':","            color = value ? nodeStyle.normal.fill : nodeStyle.blocked.fill;","            this.setWalkableAt(gridX, gridY, value);","            break;","        case 'opened':","            this.colorizeNode(this.rects[gridY][gridX], nodeStyle.opened.fill);","            this.setCoordDirty(gridX, gridY, true);","            break;","        case 'closed':","            this.colorizeNode(this.rects[gridY][gridX], nodeStyle.closed.fill);","            this.setCoordDirty(gridX, gridY, true);","            break;","        case 'tested':","            color = (value === true) ? nodeStyle.tested.fill : nodeStyle.normal.fill;","","            this.colorizeNode(this.rects[gridY][gridX], color);","            this.setCoordDirty(gridX, gridY, true);","            break;","        case 'parent':","            // XXX: Maybe draw a line from this node to its parent?","            // This would be expensive.","            break;","        default:","            console.error('unsupported operation: ' + attr + ':' + value);","            return;","        }","    },","    colorizeNode: function(node, color) {","        node.animate({","            fill: color","        }, this.nodeColorizeEffect.duration);","    },","    zoomNode: function(node) {","        node.toFront().attr({","            transform: this.nodeZoomEffect.transform,","        }).animate({","            transform: this.nodeZoomEffect.transformBack,","        }, this.nodeZoomEffect.duration);","    },","    setWalkableAt: function(gridX, gridY, value) {","        var node, i, blockedNodes = this.blockedNodes;","        if (!blockedNodes) {","            blockedNodes = this.blockedNodes = new Array(this.numRows);","            for (i = 0; i < this.numRows; ++i) {","                blockedNodes[i] = [];","            }","        }","        node = blockedNodes[gridY][gridX];","        if (value) {","            // clear blocked node","            if (node) {","                this.colorizeNode(node, this.rects[gridY][gridX].attr('fill'));","                this.zoomNode(node);","                setTimeout(function() {","                    node.remove();","                }, this.nodeZoomEffect.duration);","                blockedNodes[gridY][gridX] = null;","            }","        } else {","            // draw blocked node","            if (node) {","                return;","            }","            node = blockedNodes[gridY][gridX] = this.rects[gridY][gridX].clone();","            this.colorizeNode(node, this.nodeStyle.blocked.fill);","            this.zoomNode(node);","        }","    },","    clearFootprints: function() {","        var i, x, y, coord, coords = this.getDirtyCoords();","        for (i = 0; i < coords.length; ++i) {","            coord = coords[i];","            x = coord[0];","            y = coord[1];","            this.rects[y][x].attr(this.nodeStyle.normal);","            this.setCoordDirty(x, y, false);","        }","    },","    clearBlockedNodes: function() {","        var i, j, blockedNodes = this.blockedNodes;","        if (!blockedNodes) {","            return;","        }","        for (i = 0; i < this.numRows; ++i) {","            for (j = 0 ;j < this.numCols; ++j) {","                if (blockedNodes[i][j]) {","                    blockedNodes[i][j].remove();","                    blockedNodes[i][j] = null;","                }","            }","        }","    },","    drawPath: function(path) {","        if (!path.length) {","            return;","        }","        var svgPath = this.buildSvgPath(path);","        this.path = this.paper.path(svgPath).attr(this.pathStyle);","    },","    /**","     * Given a path, build its SVG represention.","     */","    buildSvgPath: function(path) {","        var i, strs = [], size = this.nodeSize;","","        strs.push('M' + (path[0][0] * size + size / 2) + ' ' +","                  (path[0][1] * size + size / 2));","        for (i = 1; i < path.length; ++i) {","            strs.push('L' + (path[i][0] * size + size / 2) + ' ' +","                      (path[i][1] * size + size / 2));","        }","","        return strs.join('');","    },","    clearPath: function() {","        if (this.path) {","            this.path.remove();","        }","    },","    /**","     * Helper function to convert the page coordinate to grid coordinate","     */","    toGridCoordinate: function(pageX, pageY) {","        return [","            Math.floor(pageX / this.nodeSize),","            Math.floor(pageY / this.nodeSize)","        ];","    },","    /**","     * helper function to convert the grid coordinate to page coordinate","     */","    toPageCoordinate: function(gridX, gridY) {","        return [","            gridX * this.nodeSize,","            gridY * this.nodeSize","        ];","    },","    showStats: function(opts) {","        var texts = [","            'length: ' + Math.round(opts.pathLength * 100) / 100,","            'time: ' + opts.timeSpent + 'ms',","            'operations: ' + opts.operationCount","        ];","        $('#stats').show().html(texts.join('<br>'));","    },","    setCoordDirty: function(gridX, gridY, isDirty) {","        var x, y,","            numRows = this.numRows,","            numCols = this.numCols,","            coordDirty;","","        if (this.coordDirty === undefined) {","            coordDirty = this.coordDirty = [];","            for (y = 0; y < numRows; ++y) {","                coordDirty.push([]);","                for (x = 0; x < numCols; ++x) {","                    coordDirty[y].push(false);","                }","            }","        }","","        this.coordDirty[gridY][gridX] = isDirty;","    },","    getDirtyCoords: function() {","        var x, y,","            numRows = this.numRows,","            numCols = this.numCols,","            coordDirty = this.coordDirty,","            coords = [];","","        if (coordDirty === undefined) {","            return [];","        }","","        for (y = 0; y < numRows; ++y) {","            for (x = 0; x < numCols; ++x) {","                if (coordDirty[y][x]) {","                    coords.push([x, y]);","                }","            }","        }","        return coords;","    },","};",""],"l":{"5":1,"55":0,"56":0,"57":0,"58":0,"67":0,"79":0,"81":0,"82":0,"83":0,"84":0,"85":0,"86":0,"88":0,"89":0,"90":0,"92":0,"96":0,"100":0,"101":0,"102":0,"106":0,"107":0,"108":0,"109":0,"112":0,"113":0,"114":0,"119":0,"120":0,"121":0,"129":0,"133":0,"134":0,"135":0,"143":0,"150":0,"151":0,"153":0,"154":0,"155":0,"157":0,"158":0,"159":0,"161":0,"162":0,"163":0,"165":0,"167":0,"168":0,"169":0,"173":0,"175":0,"176":0,"180":0,"185":0,"192":0,"193":0,"194":0,"195":0,"196":0,"199":0,"200":0,"202":0,"203":0,"204":0,"205":0,"206":0,"208":0,"212":0,"213":0,"215":0,"216":0,"217":0,"221":0,"222":0,"223":0,"224":0,"225":0,"226":0,"227":0,"231":0,"232":0,"233":0,"235":0,"236":0,"237":0,"238":0,"239":0,"245":0,"246":0,"248":0,"249":0,"255":0,"257":0,"259":0,"260":0,"264":0,"267":0,"268":0,"275":0,"284":0,"290":0,"295":0,"298":0,"303":0,"304":0,"305":0,"306":0,"307":0,"308":0,"313":0,"316":0,"322":0,"323":0,"326":0,"327":0,"328":0,"329":0,"333":0}}}